Using pre-set license
Built from '2022.1/staging' branch; Version is '2022.1.4f1 (76dd1f94b339) revision 7789855'; Using compiler version '192829333'; Build Type 'Release'
OS: 'Windows 10  (10.0.19044) 64bit Core' Language: 'en' Physical Memory: 16320 MB
BatchMode: 1, IsHumanControllingUs: 0, StartBugReporterOnCrash: 0, Is64bit: 1, IsPro: 1

COMMAND LINE ARGUMENTS:
C:\Program Files\Unity\Hub\Editor\2022.1.4f1\Editor\Unity.exe
-adb2
-batchMode
-noUpm
-name
AssetImportWorker5
-projectPath
D:/Unity/VRAssignment
-logFile
Logs/AssetImportWorker5.log
-srvPort
58530
Successfully changed project path to: D:/Unity/VRAssignment
D:/Unity/VRAssignment
[UnityMemory] Configuration Parameters - Can be set up in boot.config
    "memorysetup-bucket-allocator-granularity=16"
    "memorysetup-bucket-allocator-bucket-count=8"
    "memorysetup-bucket-allocator-block-size=33554432"
    "memorysetup-bucket-allocator-block-count=8"
    "memorysetup-main-allocator-block-size=16777216"
    "memorysetup-thread-allocator-block-size=16777216"
    "memorysetup-gfx-main-allocator-block-size=16777216"
    "memorysetup-gfx-thread-allocator-block-size=16777216"
    "memorysetup-cache-allocator-block-size=4194304"
    "memorysetup-typetree-allocator-block-size=2097152"
    "memorysetup-profiler-bucket-allocator-granularity=16"
    "memorysetup-profiler-bucket-allocator-bucket-count=8"
    "memorysetup-profiler-bucket-allocator-block-size=33554432"
    "memorysetup-profiler-bucket-allocator-block-count=8"
    "memorysetup-profiler-allocator-block-size=16777216"
    "memorysetup-profiler-editor-allocator-block-size=1048576"
    "memorysetup-temp-allocator-size-main=16777216"
    "memorysetup-job-temp-allocator-block-size=2097152"
    "memorysetup-job-temp-allocator-block-size-background=1048576"
    "memorysetup-job-temp-allocator-reduction-small-platforms=262144"
    "memorysetup-temp-allocator-size-background-worker=32768"
    "memorysetup-temp-allocator-size-job-worker=262144"
    "memorysetup-temp-allocator-size-preload-manager=33554432"
    "memorysetup-temp-allocator-size-nav-mesh-worker=65536"
    "memorysetup-temp-allocator-size-audio-worker=65536"
    "memorysetup-temp-allocator-size-cloud-worker=32768"
    "memorysetup-temp-allocator-size-gi-baking-worker=262144"
    "memorysetup-temp-allocator-size-gfx=262144"
Refreshing native plugins compatible for Editor in 104.11 ms, found 11 plugins.
Preloading 1 native plugins for Editor in 1.55 ms.
Initialize engine version: 2022.1.4f1 (76dd1f94b339)
[Subsystems] Discovering subsystems at path C:/Program Files/Unity/Hub/Editor/2022.1.4f1/Editor/Data/Resources/UnitySubsystems
[Subsystems] Discovering subsystems at path D:/Unity/VRAssignment/Assets
GfxDevice: creating device client; threaded=0; jobified=0
Direct3D:
    Version:  Direct3D 11.0 [level 11.1]
    Renderer: Radeon RX 590 Series (ID=0x67df)
    Vendor:   ATI
    VRAM:     8170 MB
    Driver:   31.0.14043.7000
Initialize mono
Mono path[0] = 'C:/Program Files/Unity/Hub/Editor/2022.1.4f1/Editor/Data/Managed'
Mono path[1] = 'C:/Program Files/Unity/Hub/Editor/2022.1.4f1/Editor/Data/MonoBleedingEdge/lib/mono/unityjit-win32'
Mono config path = 'C:/Program Files/Unity/Hub/Editor/2022.1.4f1/Editor/Data/MonoBleedingEdge/etc'
Using monoOptions --debugger-agent=transport=dt_socket,embedding=1,server=y,suspend=n,address=127.0.0.1:56104
Begin MonoManager ReloadAssembly
Registering precompiled unity dll's ...
Register platform support module: C:/Program Files/Unity/Hub/Editor/2022.1.4f1/Editor/Data/PlaybackEngines/AndroidPlayer/UnityEditor.Android.Extensions.dll
Register platform support module: C:/Program Files/Unity/Hub/Editor/2022.1.4f1/Editor/Data/PlaybackEngines/WindowsStandaloneSupport/UnityEditor.WindowsStandalone.Extensions.dll
Registered in 0.010167 seconds.
Native extension for WindowsStandalone target not found
Native extension for Android target not found
Refreshing native plugins compatible for Editor in 93.35 ms, found 11 plugins.
Preloading 1 native plugins for Editor in 0.26 ms.
Mono: successfully reloaded assembly
- Completed reload, in  0.743 seconds
Domain Reload Profiling:
	ReloadAssembly (744ms)
		BeginReloadAssembly (86ms)
			ExecutionOrderSort (0ms)
			DisableScriptedObjects (0ms)
			BackupInstance (0ms)
			ReleaseScriptingObjects (0ms)
			CreateAndSetChildDomain (1ms)
		EndReloadAssembly (536ms)
			LoadAssemblies (82ms)
			RebuildTransferFunctionScriptingTraits (0ms)
			SetupTypeCache (118ms)
				TypeCache.Initialize (117ms)
					TypeCache.ScanAssembly (115ms)
				ResolveRequiredComponents (1ms)
			ReleaseScriptCaches (0ms)
			RebuildScriptCaches (29ms)
			SetupLoadedEditorAssemblies (328ms)
				LogAssemblyErrors (0ms)
				InitializePlatformSupportModulesInManaged (63ms)
				SetLoadedEditorAssemblies (11ms)
				RefreshPlugins (94ms)
				BeforeProcessingInitializeOnLoad (1ms)
				ProcessInitializeOnLoadAttributes (113ms)
				ProcessInitializeOnLoadMethodAttributes (46ms)
				AfterProcessingInitializeOnLoad (0ms)
				EditorAssembliesLoaded (0ms)
			ExecutionOrderSort2 (0ms)
			AwakeInstancesAfterBackupRestoration (0ms)
Platform modules already initialized, skipping
Registering precompiled user dll's ...
Registered in 0.006956 seconds.
Begin MonoManager ReloadAssembly
Symbol file LoadedFromMemory doesn't match image D:\Unity\VRAssignment\Library\PackageCache\com.unity.visualscripting@1.7.8\Editor\VisualScripting.Core\Dependencies\DotNetZip\Unity.VisualScripting.IonicZip.dll
Symbol file LoadedFromMemory doesn't match image D:\Unity\VRAssignment\Library\PackageCache\com.unity.visualscripting@1.7.8\Editor\VisualScripting.Core\Dependencies\YamlDotNet\Unity.VisualScripting.YamlDotNet.dll
Native extension for WindowsStandalone target not found
Native extension for Android target not found
Refreshing native plugins compatible for Editor in 86.85 ms, found 11 plugins.
Preloading 1 native plugins for Editor in 0.05 ms.
Package Manager log level set to [2]
[Package Manager] Server::EnsureServerProcessIsRunning -- launch failed, reason: Unity was launched with the -noUpm command-line argument
[Package Manager] UpmClient::Send -- Unable to send message (not connected to UPM process).
[Package Manager] Cannot connect to Unity Package Manager local server
System.Reflection.TargetInvocationException: Exception has been thrown by the target of an invocation. ---> System.NullReferenceException: Object reference not set to an instance of an object
  at Unity.XR.Oculus.OculusLoader.AssetPathToAbsolutePath (System.String assetPath) [0x0003d] in D:\Unity\VRAssignment\Library\PackageCache\com.unity.xr.oculus@3.0.2\Runtime\OculusLoader.cs:271 
  at Unity.XR.Oculus.OculusLoader.EditorLoadOVRPlugin () [0x0007b] in D:\Unity\VRAssignment\Library\PackageCache\com.unity.xr.oculus@3.0.2\Runtime\OculusLoader.cs:256 
  at (wrapper managed-to-native) System.Reflection.RuntimeMethodInfo.InternalInvoke(System.Reflection.RuntimeMethodInfo,object,object[],System.Exception&)
  at System.Reflection.RuntimeMethodInfo.Invoke (System.Object obj, System.Reflection.BindingFlags invokeAttr, System.Reflection.Binder binder, System.Object[] parameters, System.Globalization.CultureInfo culture) [0x0006a] in <890d6fe26e8c408ea64b353e791fafce>:0 
   --- End of inner exception stack trace ---
  at System.Reflection.RuntimeMethodInfo.Invoke (System.Object obj, System.Reflection.BindingFlags invokeAttr, System.Reflection.Binder binder, System.Object[] parameters, System.Globalization.CultureInfo culture) [0x00083] in <890d6fe26e8c408ea64b353e791fafce>:0 
  at System.Reflection.MethodBase.Invoke (System.Object obj, System.Object[] parameters) [0x00000] in <890d6fe26e8c408ea64b353e791fafce>:0 
  at UnityEditor.EditorAssemblies.ProcessInitializeOnLoadMethodAttributes () [0x000a5] in <ee6fd03ff96245f993c3cba83ed9657b>:0 
UnityEngine.StackTraceUtility:ExtractStackTrace ()
UnityEngine.DebugLogHandler:LogFormat (UnityEngine.LogType,UnityEngine.Object,string,object[])
UnityEngine.Logger:Log (UnityEngine.LogType,object)
UnityEngine.Debug:LogError (object)
UnityEditor.EditorAssemblies:ProcessInitializeOnLoadMethodAttributes ()

Mono: successfully reloaded assembly
[Package Manager] Server::EnsureServerProcessIsRunning -- launch failed, reason: Unity was launched with the -noUpm command-line argument
[Package Manager] UpmClient::Send -- Unable to send message (not connected to UPM process).
[Package Manager] Cannot connect to Unity Package Manager local server
[Package Manager] Server::EnsureServerProcessIsRunning -- launch failed, reason: Unity was launched with the -noUpm command-line argument
[Package Manager] UpmClient::Send -- Unable to send message (not connected to UPM process).
[Package Manager] Cannot connect to Unity Package Manager local server
- Completed reload, in  1.529 seconds
Domain Reload Profiling:
	ReloadAssembly (1530ms)
		BeginReloadAssembly (280ms)
			ExecutionOrderSort (0ms)
			DisableScriptedObjects (5ms)
			BackupInstance (0ms)
			ReleaseScriptingObjects (0ms)
			CreateAndSetChildDomain (146ms)
		EndReloadAssembly (1127ms)
			LoadAssemblies (144ms)
			RebuildTransferFunctionScriptingTraits (0ms)
			SetupTypeCache (314ms)
				TypeCache.Initialize (309ms)
					TypeCache.ScanAssembly (300ms)
				ResolveRequiredComponents (5ms)
			ReleaseScriptCaches (1ms)
			RebuildScriptCaches (61ms)
			SetupLoadedEditorAssemblies (574ms)
				LogAssemblyErrors (0ms)
				InitializePlatformSupportModulesInManaged (15ms)
				SetLoadedEditorAssemblies (6ms)
				RefreshPlugins (87ms)
				BeforeProcessingInitializeOnLoad (109ms)
				ProcessInitializeOnLoadAttributes (307ms)
				ProcessInitializeOnLoadMethodAttributes (35ms)
				AfterProcessingInitializeOnLoad (14ms)
				EditorAssembliesLoaded (0ms)
			ExecutionOrderSort2 (0ms)
			AwakeInstancesAfterBackupRestoration (7ms)
Platform modules already initialized, skipping
========================================================================
Worker process is ready to serve import requests
Launched and connected shader compiler UnityShaderCompiler.exe after 0.08 seconds
Refreshing native plugins compatible for Editor in 1.18 ms, found 11 plugins.
Preloading 1 native plugins for Editor in 0.06 ms.
Unloading 4266 Unused Serialized files (Serialized files now loaded: 0)
Unloading 48 unused Assets / (58.5 KB). Loaded Objects now: 4712.
Memory consumption went from 0.64 GB to 0.64 GB.
Total: 5.923700 ms (FindLiveObjects: 1.118900 ms CreateObjectMapping: 0.156100 ms MarkObjects: 4.397500 ms  DeleteObjects: 0.247800 ms)

AssetImportParameters requested are different than current active one (requested -> active):
  custom:video-decoder-ogg-theora: a1e56fd34408186e4bbccfd4996cb3dc -> 
  custom:container-muxer-webm: aa71ff27fc2769a1b78a27578f13a17b -> 
  custom:container-demuxer-webm: 4f35f7cbe854078d1ac9338744f61a02 -> 
  custom:video-encoder-webm-vp8: eb34c28f22e8b96e1ab97ce403110664 -> 
  custom:audio-encoder-webm-vorbis: bf7c407c2cedff20999df2af8eb42d56 -> 
  custom:framework-win-MediaFoundation: 216162199b28c13a410421893ffa2e32 -> 
  custom:container-demuxer-ogg: 62fdf1f143b41e24485cea50d1cbac27 -> 
  custom:video-decoder-webm-vp8: 9c59270c3fd7afecdb556c50c9e8de78 -> 
  custom:audio-decoder-ogg-vorbis: bf7c407c2cedff20999df2af8eb42d56 -> 
========================================================================
Received Import Request.
  Time since last request: 29040.609656 seconds.
  path: Assets/ImportedAssets/StudioBillion/House Interior/Materials/BRW.011.mat
  artifactKey: Guid(d66db5525bbe1fa46b5f18fc5a3b48b8) Importer(815301076,1909f56bfc062723c751e8b465ee728b)
Start importing Assets/ImportedAssets/StudioBillion/House Interior/Materials/BRW.011.mat using Guid(d66db5525bbe1fa46b5f18fc5a3b48b8) Importer(815301076,1909f56bfc062723c751e8b465ee728b)  -> (artifact id: '1146efbb168f9daf27c5bfc96b3a4ce3') in 0.193603 seconds 
========================================================================
Received Import Request.
  Time since last request: 0.000033 seconds.
  path: Assets/ImportedAssets/StudioBillion/House Interior/Materials/box_brown.mat
  artifactKey: Guid(0d10351ce92097a4db61d2db7afab59d) Importer(815301076,1909f56bfc062723c751e8b465ee728b)
Start importing Assets/ImportedAssets/StudioBillion/House Interior/Materials/box_brown.mat using Guid(0d10351ce92097a4db61d2db7afab59d) Importer(815301076,1909f56bfc062723c751e8b465ee728b)  -> (artifact id: '1d2aef500bc033f3d792ae304a4246e5') in 0.011005 seconds 
========================================================================
Received Import Request.
  Time since last request: 0.000041 seconds.
  path: Assets/ImportedAssets/StudioBillion/House Interior/Materials/BRW.015.mat
  artifactKey: Guid(c460c9821bba8414d81010e2ab5a1533) Importer(815301076,1909f56bfc062723c751e8b465ee728b)
Start importing Assets/ImportedAssets/StudioBillion/House Interior/Materials/BRW.015.mat using Guid(c460c9821bba8414d81010e2ab5a1533) Importer(815301076,1909f56bfc062723c751e8b465ee728b)  -> (artifact id: 'fd16270bae8fe15cd5433b820a713182') in 0.009455 seconds 
========================================================================
Received Import Request.
  Time since last request: 0.000021 seconds.
  path: Assets/ImportedAssets/StudioBillion/House Interior/Materials/drum1_black.mat
  artifactKey: Guid(06fb049387588b54d90789ded7a36731) Importer(815301076,1909f56bfc062723c751e8b465ee728b)
Start importing Assets/ImportedAssets/StudioBillion/House Interior/Materials/drum1_black.mat using Guid(06fb049387588b54d90789ded7a36731) Importer(815301076,1909f56bfc062723c751e8b465ee728b)  -> (artifact id: 'c1d5461e10ea4f12fe13977ecaf76d00') in 0.010340 seconds 
========================================================================
Received Import Request.
  Time since last request: 0.000022 seconds.
  path: Assets/ImportedAssets/StudioBillion/House Interior/Materials/drum1_gold.mat
  artifactKey: Guid(2439f85d35df7194bb837fc186a4dfa5) Importer(815301076,1909f56bfc062723c751e8b465ee728b)
Start importing Assets/ImportedAssets/StudioBillion/House Interior/Materials/drum1_gold.mat using Guid(2439f85d35df7194bb837fc186a4dfa5) Importer(815301076,1909f56bfc062723c751e8b465ee728b)  -> (artifact id: '930de6abb4379ea6a63b4e78c84fdde8') in 0.012707 seconds 
========================================================================
Received Import Request.
  Time since last request: 0.000021 seconds.
  path: Assets/ImportedAssets/StudioBillion/House Interior/Materials/drum1_purple1.mat
  artifactKey: Guid(5a3c64457b14f27438b4f95e1796487e) Importer(815301076,1909f56bfc062723c751e8b465ee728b)
Start importing Assets/ImportedAssets/StudioBillion/House Interior/Materials/drum1_purple1.mat using Guid(5a3c64457b14f27438b4f95e1796487e) Importer(815301076,1909f56bfc062723c751e8b465ee728b)  -> (artifact id: '01315139d29f97139538d9aea6ed8c2e') in 0.011029 seconds 
========================================================================
Received Import Request.
  Time since last request: 0.000024 seconds.
  path: Assets/ImportedAssets/StudioBillion/House Interior/Materials/drum_stool_black.mat
  artifactKey: Guid(656fee0d2b1483f4c9bfd95155b74d51) Importer(815301076,1909f56bfc062723c751e8b465ee728b)
Start importing Assets/ImportedAssets/StudioBillion/House Interior/Materials/drum_stool_black.mat using Guid(656fee0d2b1483f4c9bfd95155b74d51) Importer(815301076,1909f56bfc062723c751e8b465ee728b)  -> (artifact id: 'bf012312d4e4dc4d845f94bf9b3107b9') in 0.012513 seconds 
========================================================================
Received Import Request.
  Time since last request: 0.000031 seconds.
  path: Assets/ImportedAssets/StudioBillion/House Interior/Materials/Floor.mat
  artifactKey: Guid(a9a6b943b2e16314bb92dae683295337) Importer(815301076,1909f56bfc062723c751e8b465ee728b)
Start importing Assets/ImportedAssets/StudioBillion/House Interior/Materials/Floor.mat using Guid(a9a6b943b2e16314bb92dae683295337) Importer(815301076,1909f56bfc062723c751e8b465ee728b)  -> (artifact id: '42c4dc9e386c6c7d1f977af03dbba769') in 0.012601 seconds 
========================================================================
Received Import Request.
  Time since last request: 0.000021 seconds.
  path: Assets/ImportedAssets/StudioBillion/House Interior/Materials/drum1_red.mat
  artifactKey: Guid(524f2b25d17bd7a449dd16f74788bf32) Importer(815301076,1909f56bfc062723c751e8b465ee728b)
Start importing Assets/ImportedAssets/StudioBillion/House Interior/Materials/drum1_red.mat using Guid(524f2b25d17bd7a449dd16f74788bf32) Importer(815301076,1909f56bfc062723c751e8b465ee728b)  -> (artifact id: '58de4c483a70c5cba2fde4b0d8a494fa') in 0.010397 seconds 
========================================================================
Received Import Request.
  Time since last request: 0.000047 seconds.
  path: Assets/ImportedAssets/StudioBillion/House Interior/Materials/background.mat
  artifactKey: Guid(091eed93c1fdca345a07d39d15d6eed6) Importer(815301076,1909f56bfc062723c751e8b465ee728b)
Start importing Assets/ImportedAssets/StudioBillion/House Interior/Materials/background.mat using Guid(091eed93c1fdca345a07d39d15d6eed6) Importer(815301076,1909f56bfc062723c751e8b465ee728b)  -> (artifact id: '6ef403b3c2f1a81f01881bc7677b1b4e') in 0.010027 seconds 
========================================================================
Received Import Request.
  Time since last request: 0.000059 seconds.
  path: Assets/ImportedAssets/StudioBillion/House Interior/Materials/drum1_gray.mat
  artifactKey: Guid(84773ff7b7e39bf4d95fbe5ba2466106) Importer(815301076,1909f56bfc062723c751e8b465ee728b)
Start importing Assets/ImportedAssets/StudioBillion/House Interior/Materials/drum1_gray.mat using Guid(84773ff7b7e39bf4d95fbe5ba2466106) Importer(815301076,1909f56bfc062723c751e8b465ee728b)  -> (artifact id: '0f2ca733e7fb35202dc4af22c78c3535') in 0.009460 seconds 
========================================================================
Received Import Request.
  Time since last request: 1.030598 seconds.
  path: Assets/ImportedAssets/StudioBillion/House Interior/Materials/GRN.1.mat
  artifactKey: Guid(04fbe7f51862d4f4cb50dc4e04be8f64) Importer(815301076,1909f56bfc062723c751e8b465ee728b)
Start importing Assets/ImportedAssets/StudioBillion/House Interior/Materials/GRN.1.mat using Guid(04fbe7f51862d4f4cb50dc4e04be8f64) Importer(815301076,1909f56bfc062723c751e8b465ee728b)  -> (artifact id: '9bc61158afa562d949ca000731d98034') in 0.011721 seconds 
========================================================================
Received Import Request.
  Time since last request: 0.000037 seconds.
  path: Assets/ImportedAssets/StudioBillion/House Interior/Materials/GRY.4.mat
  artifactKey: Guid(76f9a3947bc1dd34e9364a2b6a25898b) Importer(815301076,1909f56bfc062723c751e8b465ee728b)
Start importing Assets/ImportedAssets/StudioBillion/House Interior/Materials/GRY.4.mat using Guid(76f9a3947bc1dd34e9364a2b6a25898b) Importer(815301076,1909f56bfc062723c751e8b465ee728b)  -> (artifact id: '4bec8765eabdb02f979f447948987c20') in 0.011350 seconds 
========================================================================
Received Import Request.
  Time since last request: 0.000027 seconds.
  path: Assets/ImportedAssets/StudioBillion/House Interior/Materials/GRY.005.mat
  artifactKey: Guid(072f492ba045d5c4fafbe3e617e39c4b) Importer(815301076,1909f56bfc062723c751e8b465ee728b)
Start importing Assets/ImportedAssets/StudioBillion/House Interior/Materials/GRY.005.mat using Guid(072f492ba045d5c4fafbe3e617e39c4b) Importer(815301076,1909f56bfc062723c751e8b465ee728b)  -> (artifact id: 'd03367f6cd7e2ef0aac3c66b369ee1c5') in 0.012530 seconds 
========================================================================
Received Import Request.
  Time since last request: 0.476345 seconds.
  path: Assets/ImportedAssets/StudioBillion/House Interior/Materials/laptop_gray2.mat
  artifactKey: Guid(41da70beaea17dc439c32d274791e576) Importer(815301076,1909f56bfc062723c751e8b465ee728b)
Start importing Assets/ImportedAssets/StudioBillion/House Interior/Materials/laptop_gray2.mat using Guid(41da70beaea17dc439c32d274791e576) Importer(815301076,1909f56bfc062723c751e8b465ee728b)  -> (artifact id: 'f0f3b186ee533e2986c1428f6f4349bc') in 0.011809 seconds 
========================================================================
Received Import Request.
  Time since last request: 0.000033 seconds.
  path: Assets/ImportedAssets/StudioBillion/House Interior/Materials/laptop_screen.mat
  artifactKey: Guid(c0bd8f7ecc0c8d648a87c95c595bdfa1) Importer(815301076,1909f56bfc062723c751e8b465ee728b)
Start importing Assets/ImportedAssets/StudioBillion/House Interior/Materials/laptop_screen.mat using Guid(c0bd8f7ecc0c8d648a87c95c595bdfa1) Importer(815301076,1909f56bfc062723c751e8b465ee728b)  -> (artifact id: 'a2298fd1f97e99c9bd531595a2099d96') in 0.012901 seconds 
========================================================================
Received Import Request.
  Time since last request: 0.000027 seconds.
  path: Assets/ImportedAssets/StudioBillion/House Interior/Materials/Material.002.mat
  artifactKey: Guid(e3669915601032143a27992960a72776) Importer(815301076,1909f56bfc062723c751e8b465ee728b)
Start importing Assets/ImportedAssets/StudioBillion/House Interior/Materials/Material.002.mat using Guid(e3669915601032143a27992960a72776) Importer(815301076,1909f56bfc062723c751e8b465ee728b)  -> (artifact id: '3d3d32e9933455266685739679323780') in 0.008578 seconds 
========================================================================
Received Import Request.
  Time since last request: 0.280484 seconds.
  path: Assets/ImportedAssets/StudioBillion/House Interior/Materials/Material.008.mat
  artifactKey: Guid(ece002c46bd7a6a46a49d487b041ec9e) Importer(815301076,1909f56bfc062723c751e8b465ee728b)
Start importing Assets/ImportedAssets/StudioBillion/House Interior/Materials/Material.008.mat using Guid(ece002c46bd7a6a46a49d487b041ec9e) Importer(815301076,1909f56bfc062723c751e8b465ee728b)  -> (artifact id: 'b1ea6d93a53f37ff27ca3ad6770108ac') in 0.011117 seconds 
========================================================================
Received Import Request.
  Time since last request: 0.000029 seconds.
  path: Assets/ImportedAssets/StudioBillion/House Interior/Materials/Material.014.mat
  artifactKey: Guid(86a833987bc215842ab03503dfc9db34) Importer(815301076,1909f56bfc062723c751e8b465ee728b)
Start importing Assets/ImportedAssets/StudioBillion/House Interior/Materials/Material.014.mat using Guid(86a833987bc215842ab03503dfc9db34) Importer(815301076,1909f56bfc062723c751e8b465ee728b)  -> (artifact id: 'cd84fa1c785176ddba70e5097ff1680b') in 0.013658 seconds 
========================================================================
Received Import Request.
  Time since last request: 0.000028 seconds.
  path: Assets/ImportedAssets/StudioBillion/House Interior/Materials/Material.009.mat
  artifactKey: Guid(d417dd672dd2eee4f971dd34bffe8b55) Importer(815301076,1909f56bfc062723c751e8b465ee728b)
Start importing Assets/ImportedAssets/StudioBillion/House Interior/Materials/Material.009.mat using Guid(d417dd672dd2eee4f971dd34bffe8b55) Importer(815301076,1909f56bfc062723c751e8b465ee728b)  -> (artifact id: '4c0eacb14bc6e2c8a3324211cb4650ea') in 0.010718 seconds 
========================================================================
Received Import Request.
  Time since last request: 0.000022 seconds.
  path: Assets/ImportedAssets/StudioBillion/House Interior/Materials/Material.018.mat
  artifactKey: Guid(370c2a4292ffe5c4595509488be2a563) Importer(815301076,1909f56bfc062723c751e8b465ee728b)
Start importing Assets/ImportedAssets/StudioBillion/House Interior/Materials/Material.018.mat using Guid(370c2a4292ffe5c4595509488be2a563) Importer(815301076,1909f56bfc062723c751e8b465ee728b)  -> (artifact id: 'dd026d0b8b8ac9a5893c4ca1e3ad1d6d') in 0.009848 seconds 
========================================================================
Received Import Request.
  Time since last request: 0.000024 seconds.
  path: Assets/ImportedAssets/StudioBillion/House Interior/Materials/Material.024.mat
  artifactKey: Guid(10b296801199686429bed9782af7d22b) Importer(815301076,1909f56bfc062723c751e8b465ee728b)
Start importing Assets/ImportedAssets/StudioBillion/House Interior/Materials/Material.024.mat using Guid(10b296801199686429bed9782af7d22b) Importer(815301076,1909f56bfc062723c751e8b465ee728b)  -> (artifact id: 'c9d353236448c6eaf2b77fa980be5a5a') in 0.009883 seconds 
========================================================================
Received Import Request.
  Time since last request: 0.000037 seconds.
  path: Assets/ImportedAssets/StudioBillion/House Interior/Materials/ORG.3.mat
  artifactKey: Guid(bfeaea323d06b6b4ba61867446f2c5ea) Importer(815301076,1909f56bfc062723c751e8b465ee728b)
Start importing Assets/ImportedAssets/StudioBillion/House Interior/Materials/ORG.3.mat using Guid(bfeaea323d06b6b4ba61867446f2c5ea) Importer(815301076,1909f56bfc062723c751e8b465ee728b)  -> (artifact id: 'd0a59d0f0444f2521f32caecc4f393e4') in 0.013422 seconds 
========================================================================
Received Import Request.
  Time since last request: 0.000038 seconds.
  path: Assets/ImportedAssets/StudioBillion/House Interior/Materials/Material.015.mat
  artifactKey: Guid(f1480b3dfb419dd4dae5d72ae27689ee) Importer(815301076,1909f56bfc062723c751e8b465ee728b)
Start importing Assets/ImportedAssets/StudioBillion/House Interior/Materials/Material.015.mat using Guid(f1480b3dfb419dd4dae5d72ae27689ee) Importer(815301076,1909f56bfc062723c751e8b465ee728b)  -> (artifact id: 'c230edd6f6b925769f9f4009df34b7ad') in 0.010426 seconds 
Editor requested this worker to shutdown with reason: Scaling down because of idle timeout
AssetImportWorker is now disconnected from the server
Process exiting
Exiting without the bug reporter. Application will terminate with return code 0