Using pre-set license
Built from '2022.1/staging' branch; Version is '2022.1.4f1 (76dd1f94b339) revision 7789855'; Using compiler version '192829333'; Build Type 'Release'
OS: 'Windows 10  (10.0.19045) 64bit Enterprise' Language: 'en' Physical Memory: 32547 MB
BatchMode: 1, IsHumanControllingUs: 0, StartBugReporterOnCrash: 0, Is64bit: 1, IsPro: 1

COMMAND LINE ARGUMENTS:
C:\Program Files\Unity\Hub\Editor\2022.1.4f1\Editor\Unity.exe
-adb2
-batchMode
-noUpm
-name
AssetImportWorker0
-projectPath
C:/Users/p013206k/Documents/GitHub/VRAssignment
-logFile
Logs/AssetImportWorker0.log
-srvPort
65293
Successfully changed project path to: C:/Users/p013206k/Documents/GitHub/VRAssignment
C:/Users/p013206k/Documents/GitHub/VRAssignment
[UnityMemory] Configuration Parameters - Can be set up in boot.config
    "memorysetup-bucket-allocator-granularity=16"
    "memorysetup-bucket-allocator-bucket-count=8"
    "memorysetup-bucket-allocator-block-size=33554432"
    "memorysetup-bucket-allocator-block-count=8"
    "memorysetup-main-allocator-block-size=16777216"
    "memorysetup-thread-allocator-block-size=16777216"
    "memorysetup-gfx-main-allocator-block-size=16777216"
    "memorysetup-gfx-thread-allocator-block-size=16777216"
    "memorysetup-cache-allocator-block-size=4194304"
    "memorysetup-typetree-allocator-block-size=2097152"
    "memorysetup-profiler-bucket-allocator-granularity=16"
    "memorysetup-profiler-bucket-allocator-bucket-count=8"
    "memorysetup-profiler-bucket-allocator-block-size=33554432"
    "memorysetup-profiler-bucket-allocator-block-count=8"
    "memorysetup-profiler-allocator-block-size=16777216"
    "memorysetup-profiler-editor-allocator-block-size=1048576"
    "memorysetup-temp-allocator-size-main=16777216"
    "memorysetup-job-temp-allocator-block-size=2097152"
    "memorysetup-job-temp-allocator-block-size-background=1048576"
    "memorysetup-job-temp-allocator-reduction-small-platforms=262144"
    "memorysetup-temp-allocator-size-background-worker=32768"
    "memorysetup-temp-allocator-size-job-worker=262144"
    "memorysetup-temp-allocator-size-preload-manager=33554432"
    "memorysetup-temp-allocator-size-nav-mesh-worker=65536"
    "memorysetup-temp-allocator-size-audio-worker=65536"
    "memorysetup-temp-allocator-size-cloud-worker=32768"
    "memorysetup-temp-allocator-size-gi-baking-worker=262144"
    "memorysetup-temp-allocator-size-gfx=262144"
Refreshing native plugins compatible for Editor in 99.42 ms, found 8 plugins.
Preloading 0 native plugins for Editor in 0.00 ms.
Initialize engine version: 2022.1.4f1 (76dd1f94b339)
[Subsystems] Discovering subsystems at path C:/Program Files/Unity/Hub/Editor/2022.1.4f1/Editor/Data/Resources/UnitySubsystems
[Subsystems] Discovering subsystems at path C:/Users/p013206k/Documents/GitHub/VRAssignment/Assets
GfxDevice: creating device client; threaded=0; jobified=0
Direct3D:
    Version:  Direct3D 11.0 [level 11.1]
    Renderer: NVIDIA GeForce GTX 1080 (ID=0x1b80)
    Vendor:   NVIDIA
    VRAM:     8072 MB
    Driver:   31.0.15.2802
Initialize mono
Mono path[0] = 'C:/Program Files/Unity/Hub/Editor/2022.1.4f1/Editor/Data/Managed'
Mono path[1] = 'C:/Program Files/Unity/Hub/Editor/2022.1.4f1/Editor/Data/MonoBleedingEdge/lib/mono/unityjit-win32'
Mono config path = 'C:/Program Files/Unity/Hub/Editor/2022.1.4f1/Editor/Data/MonoBleedingEdge/etc'
Using monoOptions --debugger-agent=transport=dt_socket,embedding=1,server=y,suspend=n,address=127.0.0.1:56076
Begin MonoManager ReloadAssembly
Registering precompiled unity dll's ...
Register platform support module: C:/Program Files/Unity/Hub/Editor/2022.1.4f1/Editor/Data/PlaybackEngines/WebGLSupport/UnityEditor.WebGL.Extensions.dll
Register platform support module: C:/Program Files/Unity/Hub/Editor/2022.1.4f1/Editor/Data/PlaybackEngines/AndroidPlayer/UnityEditor.Android.Extensions.dll
Register platform support module: C:/Program Files/Unity/Hub/Editor/2022.1.4f1/Editor/Data/PlaybackEngines/WindowsStandaloneSupport/UnityEditor.WindowsStandalone.Extensions.dll
Registered in 0.009789 seconds.
Native extension for WindowsStandalone target not found
Native extension for Android target not found
Native extension for WebGL target not found
Refreshing native plugins compatible for Editor in 84.15 ms, found 8 plugins.
Preloading 0 native plugins for Editor in 0.00 ms.
Mono: successfully reloaded assembly
- Completed reload, in  0.690 seconds
Domain Reload Profiling:
	ReloadAssembly (691ms)
		BeginReloadAssembly (73ms)
			ExecutionOrderSort (0ms)
			DisableScriptedObjects (0ms)
			BackupInstance (0ms)
			ReleaseScriptingObjects (0ms)
			CreateAndSetChildDomain (1ms)
		EndReloadAssembly (499ms)
			LoadAssemblies (71ms)
			RebuildTransferFunctionScriptingTraits (0ms)
			SetupTypeCache (110ms)
				TypeCache.Initialize (110ms)
					TypeCache.ScanAssembly (108ms)
				ResolveRequiredComponents (1ms)
			ReleaseScriptCaches (0ms)
			RebuildScriptCaches (37ms)
			SetupLoadedEditorAssemblies (288ms)
				LogAssemblyErrors (0ms)
				InitializePlatformSupportModulesInManaged (43ms)
				SetLoadedEditorAssemblies (8ms)
				RefreshPlugins (84ms)
				BeforeProcessingInitializeOnLoad (1ms)
				ProcessInitializeOnLoadAttributes (110ms)
				ProcessInitializeOnLoadMethodAttributes (42ms)
				AfterProcessingInitializeOnLoad (0ms)
				EditorAssembliesLoaded (0ms)
			ExecutionOrderSort2 (0ms)
			AwakeInstancesAfterBackupRestoration (0ms)
Platform modules already initialized, skipping
Registering precompiled user dll's ...
Registered in 0.009658 seconds.
Begin MonoManager ReloadAssembly
Symbol file LoadedFromMemory doesn't match image C:\Users\p013206k\Documents\GitHub\VRAssignment\Library\PackageCache\com.unity.visualscripting@1.7.8\Editor\VisualScripting.Core\Dependencies\YamlDotNet\Unity.VisualScripting.YamlDotNet.dll
Symbol file LoadedFromMemory doesn't match image C:\Users\p013206k\Documents\GitHub\VRAssignment\Library\PackageCache\com.unity.visualscripting@1.7.8\Editor\VisualScripting.Core\Dependencies\DotNetZip\Unity.VisualScripting.IonicZip.dll
Native extension for WindowsStandalone target not found
Native extension for Android target not found
Native extension for WebGL target not found
Refreshing native plugins compatible for Editor in 79.52 ms, found 8 plugins.
Preloading 0 native plugins for Editor in 0.00 ms.
Package Manager log level set to [2]
[Package Manager] Server::EnsureServerProcessIsRunning -- launch failed, reason: Unity was launched with the -noUpm command-line argument
[Package Manager] UpmClient::Send -- Unable to send message (not connected to UPM process).
[Package Manager] Cannot connect to Unity Package Manager local server
Mono: successfully reloaded assembly
[Package Manager] Server::EnsureServerProcessIsRunning -- launch failed, reason: Unity was launched with the -noUpm command-line argument
[Package Manager] UpmClient::Send -- Unable to send message (not connected to UPM process).
[Package Manager] Cannot connect to Unity Package Manager local server
[Package Manager] Server::EnsureServerProcessIsRunning -- launch failed, reason: Unity was launched with the -noUpm command-line argument
[Package Manager] UpmClient::Send -- Unable to send message (not connected to UPM process).
[Package Manager] Cannot connect to Unity Package Manager local server
- Completed reload, in  1.346 seconds
Domain Reload Profiling:
	ReloadAssembly (1347ms)
		BeginReloadAssembly (171ms)
			ExecutionOrderSort (0ms)
			DisableScriptedObjects (5ms)
			BackupInstance (0ms)
			ReleaseScriptingObjects (0ms)
			CreateAndSetChildDomain (21ms)
		EndReloadAssembly (1032ms)
			LoadAssemblies (143ms)
			RebuildTransferFunctionScriptingTraits (0ms)
			SetupTypeCache (315ms)
				TypeCache.Initialize (309ms)
					TypeCache.ScanAssembly (304ms)
				ResolveRequiredComponents (7ms)
			ReleaseScriptCaches (1ms)
			RebuildScriptCaches (55ms)
			SetupLoadedEditorAssemblies (519ms)
				LogAssemblyErrors (0ms)
				InitializePlatformSupportModulesInManaged (17ms)
				SetLoadedEditorAssemblies (6ms)
				RefreshPlugins (80ms)
				BeforeProcessingInitializeOnLoad (98ms)
				ProcessInitializeOnLoadAttributes (284ms)
				ProcessInitializeOnLoadMethodAttributes (25ms)
				AfterProcessingInitializeOnLoad (9ms)
				EditorAssembliesLoaded (0ms)
			ExecutionOrderSort2 (0ms)
			AwakeInstancesAfterBackupRestoration (6ms)
Platform modules already initialized, skipping
========================================================================
Worker process is ready to serve import requests
Launched and connected shader compiler UnityShaderCompiler.exe after 0.04 seconds
Refreshing native plugins compatible for Editor in 1.14 ms, found 8 plugins.
Preloading 0 native plugins for Editor in 0.00 ms.
Unloading 4200 Unused Serialized files (Serialized files now loaded: 0)
Unloading 47 unused Assets / (57.8 KB). Loaded Objects now: 4647.
Memory consumption went from 0.63 GB to 0.63 GB.
Total: 4.602000 ms (FindLiveObjects: 0.435100 ms CreateObjectMapping: 0.731100 ms MarkObjects: 3.342500 ms  DeleteObjects: 0.092000 ms)

AssetImportParameters requested are different than current active one (requested -> active):
  custom:video-decoder-ogg-theora: a1e56fd34408186e4bbccfd4996cb3dc -> 
  custom:container-muxer-webm: aa71ff27fc2769a1b78a27578f13a17b -> 
  custom:container-demuxer-webm: 4f35f7cbe854078d1ac9338744f61a02 -> 
  custom:video-encoder-webm-vp8: eb34c28f22e8b96e1ab97ce403110664 -> 
  custom:audio-encoder-webm-vorbis: bf7c407c2cedff20999df2af8eb42d56 -> 
  custom:framework-win-MediaFoundation: 216162199b28c13a410421893ffa2e32 -> 
  custom:container-demuxer-ogg: 62fdf1f143b41e24485cea50d1cbac27 -> 
  custom:video-decoder-webm-vp8: 9c59270c3fd7afecdb556c50c9e8de78 -> 
  custom:audio-decoder-ogg-vorbis: bf7c407c2cedff20999df2af8eb42d56 -> 
========================================================================
Received Import Request.
  Time since last request: 36388.722137 seconds.
  path: Assets/Prefabs/XR Origin.prefab
  artifactKey: Guid(bb9226a52c6efc4489c37eef8e8439e5) Importer(815301076,1909f56bfc062723c751e8b465ee728b)
Start importing Assets/Prefabs/XR Origin.prefab using Guid(bb9226a52c6efc4489c37eef8e8439e5) Importer(815301076,1909f56bfc062723c751e8b465ee728b)  -> (artifact id: '945b9faaea7e1a797c351d99da5351e7') in 0.047768 seconds 
========================================================================
Received Import Request.
  Time since last request: 192.716676 seconds.
  path: Assets/Scenes/SampleScene.unity
  artifactKey: Guid(9fc0d4010bbf28b4594072e72b8655ab) Importer(815301076,1909f56bfc062723c751e8b465ee728b)
Start importing Assets/Scenes/SampleScene.unity using Guid(9fc0d4010bbf28b4594072e72b8655ab) Importer(815301076,1909f56bfc062723c751e8b465ee728b)  -> (artifact id: 'e195020b546709c3b6351aa78c1eed38') in 0.005869 seconds 
========================================================================
Received Prepare
Registering precompiled user dll's ...
Registered in 0.011213 seconds.
Begin MonoManager ReloadAssembly
Symbol file LoadedFromMemory doesn't match image C:\Users\p013206k\Documents\GitHub\VRAssignment\Library\PackageCache\com.unity.visualscripting@1.7.8\Editor\VisualScripting.Core\Dependencies\YamlDotNet\Unity.VisualScripting.YamlDotNet.dll
Symbol file LoadedFromMemory doesn't match image C:\Users\p013206k\Documents\GitHub\VRAssignment\Library\PackageCache\com.unity.visualscripting@1.7.8\Editor\VisualScripting.Core\Dependencies\DotNetZip\Unity.VisualScripting.IonicZip.dll
Native extension for WindowsStandalone target not found
Native extension for Android target not found
Native extension for WebGL target not found
Refreshing native plugins compatible for Editor in 0.76 ms, found 8 plugins.
Preloading 0 native plugins for Editor in 0.00 ms.
[Package Manager] Server::EnsureServerProcessIsRunning -- launch failed, reason: Unity was launched with the -noUpm command-line argument
[Package Manager] UpmClient::Send -- Unable to send message (not connected to UPM process).
[Package Manager] Cannot connect to Unity Package Manager local server
Mono: successfully reloaded assembly
[Package Manager] Server::EnsureServerProcessIsRunning -- launch failed, reason: Unity was launched with the -noUpm command-line argument
[Package Manager] UpmClient::Send -- Unable to send message (not connected to UPM process).
[Package Manager] Cannot connect to Unity Package Manager local server
- Completed reload, in  1.341 seconds
Domain Reload Profiling:
	ReloadAssembly (1342ms)
		BeginReloadAssembly (170ms)
			ExecutionOrderSort (0ms)
			DisableScriptedObjects (4ms)
			BackupInstance (0ms)
			ReleaseScriptingObjects (0ms)
			CreateAndSetChildDomain (47ms)
		EndReloadAssembly (1059ms)
			LoadAssemblies (105ms)
			RebuildTransferFunctionScriptingTraits (0ms)
			SetupTypeCache (370ms)
				TypeCache.Initialize (357ms)
					TypeCache.ScanAssembly (347ms)
				ResolveRequiredComponents (13ms)
			ReleaseScriptCaches (1ms)
			RebuildScriptCaches (54ms)
			SetupLoadedEditorAssemblies (452ms)
				LogAssemblyErrors (0ms)
				InitializePlatformSupportModulesInManaged (25ms)
				SetLoadedEditorAssemblies (8ms)
				RefreshPlugins (1ms)
				BeforeProcessingInitializeOnLoad (81ms)
				ProcessInitializeOnLoadAttributes (294ms)
				ProcessInitializeOnLoadMethodAttributes (32ms)
				AfterProcessingInitializeOnLoad (10ms)
				EditorAssembliesLoaded (0ms)
			ExecutionOrderSort2 (0ms)
			AwakeInstancesAfterBackupRestoration (5ms)
Platform modules already initialized, skipping
Refreshing native plugins compatible for Editor in 6.41 ms, found 8 plugins.
Preloading 0 native plugins for Editor in 0.00 ms.
Unloading 4188 Unused Serialized files (Serialized files now loaded: 0)
Unloading 37 unused Assets / (25.4 KB). Loaded Objects now: 4653.
Memory consumption went from 0.63 GB to 0.63 GB.
Total: 3.632500 ms (FindLiveObjects: 0.288100 ms CreateObjectMapping: 0.226900 ms MarkObjects: 3.083000 ms  DeleteObjects: 0.033200 ms)

AssetImportParameters requested are different than current active one (requested -> active):
  custom:video-decoder-ogg-theora: a1e56fd34408186e4bbccfd4996cb3dc -> 
  custom:container-muxer-webm: aa71ff27fc2769a1b78a27578f13a17b -> 
  custom:container-demuxer-webm: 4f35f7cbe854078d1ac9338744f61a02 -> 
  custom:video-encoder-webm-vp8: eb34c28f22e8b96e1ab97ce403110664 -> 
  custom:audio-encoder-webm-vorbis: bf7c407c2cedff20999df2af8eb42d56 -> 
  custom:framework-win-MediaFoundation: 216162199b28c13a410421893ffa2e32 -> 
  custom:container-demuxer-ogg: 62fdf1f143b41e24485cea50d1cbac27 -> 
  custom:video-decoder-webm-vp8: 9c59270c3fd7afecdb556c50c9e8de78 -> 
  custom:audio-decoder-ogg-vorbis: bf7c407c2cedff20999df2af8eb42d56 -> 
========================================================================
Received Import Request.
  Time since last request: 860.840384 seconds.
  path: Assets/TeleportationAnchorPrototype.prefab
  artifactKey: Guid(c812a33cadf35a445b119a477f9a6232) Importer(815301076,1909f56bfc062723c751e8b465ee728b)
Start importing Assets/TeleportationAnchorPrototype.prefab using Guid(c812a33cadf35a445b119a477f9a6232) Importer(815301076,1909f56bfc062723c751e8b465ee728b)  -> (artifact id: '95ec11cfb758285d5deedf7bfb68203a') in 0.106422 seconds 
========================================================================
Received Import Request.
  Time since last request: 245.241278 seconds.
  path: Assets/XR
  artifactKey: Guid(5d57edad1561ca64190407c5d2493a9e) Importer(815301076,1909f56bfc062723c751e8b465ee728b)
Start importing Assets/XR using Guid(5d57edad1561ca64190407c5d2493a9e) Importer(815301076,1909f56bfc062723c751e8b465ee728b)  -> (artifact id: '382bbe23df2e5f73ed8d394affd66b27') in 0.006637 seconds 
========================================================================
Received Import Request.
  Time since last request: 0.073470 seconds.
  path: Assets/XR/XRGeneralSettingsPerBuildTarget.asset
  artifactKey: Guid(cdc3b9f240f89b14aa63783819da3608) Importer(815301076,1909f56bfc062723c751e8b465ee728b)
Start importing Assets/XR/XRGeneralSettingsPerBuildTarget.asset using Guid(cdc3b9f240f89b14aa63783819da3608) Importer(815301076,1909f56bfc062723c751e8b465ee728b)  -> (artifact id: '074a4b32351300509def54e3782df5a0') in 0.016560 seconds 
========================================================================
Received Import Request.
  Time since last request: 8.322231 seconds.
  path: Assets/XRI
  artifactKey: Guid(e0488af985d0f97448c72723fd08f800) Importer(815301076,1909f56bfc062723c751e8b465ee728b)
Start importing Assets/XRI using Guid(e0488af985d0f97448c72723fd08f800) Importer(815301076,1909f56bfc062723c751e8b465ee728b)  -> (artifact id: '3f70ed576f8983f0c8edd2d85c98bab9') in 0.007025 seconds 
========================================================================
Received Import Request.
  Time since last request: 4.098970 seconds.
  path: Assets/XR/Loaders
  artifactKey: Guid(757f7831bf3f2d0498c2199769963a32) Importer(815301076,1909f56bfc062723c751e8b465ee728b)
Start importing Assets/XR/Loaders using Guid(757f7831bf3f2d0498c2199769963a32) Importer(815301076,1909f56bfc062723c751e8b465ee728b)  -> (artifact id: 'b3dd6681fa8a8066d7d3516a1cd0c009') in 0.006592 seconds 
========================================================================
Received Import Request.
  Time since last request: 0.081082 seconds.
  path: Assets/XR/Loaders/OpenXRLoader.asset
  artifactKey: Guid(84756e241a7270c42a0e2b54b083ece0) Importer(815301076,1909f56bfc062723c751e8b465ee728b)
Start importing Assets/XR/Loaders/OpenXRLoader.asset using Guid(84756e241a7270c42a0e2b54b083ece0) Importer(815301076,1909f56bfc062723c751e8b465ee728b)  -> (artifact id: 'cba0da4e3b811f9e38f39131be238223') in 0.006963 seconds 
========================================================================
Received Import Request.
  Time since last request: 1.782691 seconds.
  path: Assets/XR/Settings
  artifactKey: Guid(37124c89b58ba13428c297492257f264) Importer(815301076,1909f56bfc062723c751e8b465ee728b)
Start importing Assets/XR/Settings using Guid(37124c89b58ba13428c297492257f264) Importer(815301076,1909f56bfc062723c751e8b465ee728b)  -> (artifact id: '45c64e0059e199b8c27e4ddcfde02c92') in 0.006750 seconds 
========================================================================
Received Import Request.
  Time since last request: 0.069793 seconds.
  path: Assets/XR/Settings/OpenXR Editor Settings.asset
  artifactKey: Guid(245a90ddef03db442a6c381b32986d1c) Importer(815301076,1909f56bfc062723c751e8b465ee728b)
Start importing Assets/XR/Settings/OpenXR Editor Settings.asset using Guid(245a90ddef03db442a6c381b32986d1c) Importer(815301076,1909f56bfc062723c751e8b465ee728b)  -> (artifact id: 'ff116f0dff89f8f3fda972182c43d12b') in 0.007964 seconds 
========================================================================
Received Prepare
Registering precompiled user dll's ...
Registered in 0.011579 seconds.
Begin MonoManager ReloadAssembly
Symbol file LoadedFromMemory doesn't match image C:\Users\p013206k\Documents\GitHub\VRAssignment\Library\PackageCache\com.unity.visualscripting@1.7.8\Editor\VisualScripting.Core\Dependencies\YamlDotNet\Unity.VisualScripting.YamlDotNet.dll
Symbol file LoadedFromMemory doesn't match image C:\Users\p013206k\Documents\GitHub\VRAssignment\Library\PackageCache\com.unity.visualscripting@1.7.8\Editor\VisualScripting.Core\Dependencies\DotNetZip\Unity.VisualScripting.IonicZip.dll
Native extension for WindowsStandalone target not found
Native extension for Android target not found
Native extension for WebGL target not found
Refreshing native plugins compatible for Editor in 0.84 ms, found 8 plugins.
Preloading 0 native plugins for Editor in 0.00 ms.
[Package Manager] Server::EnsureServerProcessIsRunning -- launch failed, reason: Unity was launched with the -noUpm command-line argument
[Package Manager] UpmClient::Send -- Unable to send message (not connected to UPM process).
[Package Manager] Cannot connect to Unity Package Manager local server
Mono: successfully reloaded assembly
[Package Manager] Server::EnsureServerProcessIsRunning -- launch failed, reason: Unity was launched with the -noUpm command-line argument
[Package Manager] UpmClient::Send -- Unable to send message (not connected to UPM process).
[Package Manager] Cannot connect to Unity Package Manager local server
- Completed reload, in  1.266 seconds
Domain Reload Profiling:
	ReloadAssembly (1266ms)
		BeginReloadAssembly (187ms)
			ExecutionOrderSort (0ms)
			DisableScriptedObjects (5ms)
			BackupInstance (0ms)
			ReleaseScriptingObjects (0ms)
			CreateAndSetChildDomain (48ms)
		EndReloadAssembly (951ms)
			LoadAssemblies (131ms)
			RebuildTransferFunctionScriptingTraits (0ms)
			SetupTypeCache (314ms)
				TypeCache.Initialize (308ms)
					TypeCache.ScanAssembly (301ms)
				ResolveRequiredComponents (7ms)
			ReleaseScriptCaches (1ms)
			RebuildScriptCaches (48ms)
			SetupLoadedEditorAssemblies (436ms)
				LogAssemblyErrors (0ms)
				InitializePlatformSupportModulesInManaged (27ms)
				SetLoadedEditorAssemblies (6ms)
				RefreshPlugins (1ms)
				BeforeProcessingInitializeOnLoad (88ms)
				ProcessInitializeOnLoadAttributes (270ms)
				ProcessInitializeOnLoadMethodAttributes (34ms)
				AfterProcessingInitializeOnLoad (10ms)
				EditorAssembliesLoaded (0ms)
			ExecutionOrderSort2 (0ms)
			AwakeInstancesAfterBackupRestoration (6ms)
Platform modules already initialized, skipping
Refreshing native plugins compatible for Editor in 5.30 ms, found 8 plugins.
Preloading 0 native plugins for Editor in 0.00 ms.
Unloading 4188 Unused Serialized files (Serialized files now loaded: 0)
Unloading 37 unused Assets / (25.5 KB). Loaded Objects now: 4665.
Memory consumption went from 0.63 GB to 0.63 GB.
Total: 3.880900 ms (FindLiveObjects: 0.351300 ms CreateObjectMapping: 0.289400 ms MarkObjects: 3.211700 ms  DeleteObjects: 0.027300 ms)

AssetImportParameters requested are different than current active one (requested -> active):
  custom:video-decoder-ogg-theora: a1e56fd34408186e4bbccfd4996cb3dc -> 
  custom:container-muxer-webm: aa71ff27fc2769a1b78a27578f13a17b -> 
  custom:container-demuxer-webm: 4f35f7cbe854078d1ac9338744f61a02 -> 
  custom:video-encoder-webm-vp8: eb34c28f22e8b96e1ab97ce403110664 -> 
  custom:audio-encoder-webm-vorbis: bf7c407c2cedff20999df2af8eb42d56 -> 
  custom:framework-win-MediaFoundation: 216162199b28c13a410421893ffa2e32 -> 
  custom:container-demuxer-ogg: 62fdf1f143b41e24485cea50d1cbac27 -> 
  custom:video-decoder-webm-vp8: 9c59270c3fd7afecdb556c50c9e8de78 -> 
  custom:audio-decoder-ogg-vorbis: bf7c407c2cedff20999df2af8eb42d56 -> 
========================================================================
Received Import Request.
  Time since last request: 1136.969341 seconds.
  path: Assets/Prefabs
  artifactKey: Guid(802a29d9ebaad794b8bd9765d32dde14) Importer(815301076,1909f56bfc062723c751e8b465ee728b)
Start importing Assets/Prefabs using Guid(802a29d9ebaad794b8bd9765d32dde14) Importer(815301076,1909f56bfc062723c751e8b465ee728b)  -> (artifact id: '9902e43c6440c4061c414631238b20e9') in 0.004300 seconds 
========================================================================
Received Import Request.
  Time since last request: 0.301034 seconds.
  path: Assets/Prefabs/TeleporterBase.prefab
  artifactKey: Guid(fedd8d98520765545a26d88447f48207) Importer(815301076,1909f56bfc062723c751e8b465ee728b)
Start importing Assets/Prefabs/TeleporterBase.prefab using Guid(fedd8d98520765545a26d88447f48207) Importer(815301076,1909f56bfc062723c751e8b465ee728b)  -> (artifact id: '457be4767dd85b0178ca3fa0d0c6eaae') in 0.059414 seconds 
========================================================================
Received Import Request.
  Time since last request: 154.937252 seconds.
  path: Assets/Prefabs/Sphere.prefab
  artifactKey: Guid(822413592c660eb4c9509962174abf84) Importer(815301076,1909f56bfc062723c751e8b465ee728b)
Start importing Assets/Prefabs/Sphere.prefab using Guid(822413592c660eb4c9509962174abf84) Importer(815301076,1909f56bfc062723c751e8b465ee728b)  -> (artifact id: '0e6f549d734a305813bd07c924afb878') in 0.214435 seconds 
========================================================================
Received Import Request.
  Time since last request: 0.789540 seconds.
  path: Assets/Prefabs/Sphere.prefab
  artifactKey: Guid(822413592c660eb4c9509962174abf84) Importer(815301076,1909f56bfc062723c751e8b465ee728b)
Start importing Assets/Prefabs/Sphere.prefab using Guid(822413592c660eb4c9509962174abf84) Importer(815301076,1909f56bfc062723c751e8b465ee728b)  -> (artifact id: 'a37e4a1018a04cbb84d6797cff6b0c54') in 0.011057 seconds 
========================================================================
Received Import Request.
  Time since last request: 255.279092 seconds.
  path: Assets
  artifactKey: Guid(00000000000000001000000000000000) Importer(815301076,1909f56bfc062723c751e8b465ee728b)
Start importing Assets using Guid(00000000000000001000000000000000) Importer(815301076,1909f56bfc062723c751e8b465ee728b)  -> (artifact id: '643dbe22ecb75e7bba7c4df53f6b1cbf') in 0.007775 seconds 
========================================================================
Received Import Request.
  Time since last request: 8.418615 seconds.
  path: Assets/MasterController.cs
  artifactKey: Guid(a21f68bed737e54418e5b22b5fe2ed36) Importer(815301076,1909f56bfc062723c751e8b465ee728b)
Start importing Assets/MasterController.cs using Guid(a21f68bed737e54418e5b22b5fe2ed36) Importer(815301076,1909f56bfc062723c751e8b465ee728b)  -> (artifact id: '5723c0c97984caba2de4182da2bc1ce4') in 0.015984 seconds 
========================================================================
Received Prepare
Registering precompiled user dll's ...
Registered in 0.009152 seconds.
Begin MonoManager ReloadAssembly
Symbol file LoadedFromMemory doesn't match image C:\Users\p013206k\Documents\GitHub\VRAssignment\Library\PackageCache\com.unity.visualscripting@1.7.8\Editor\VisualScripting.Core\Dependencies\YamlDotNet\Unity.VisualScripting.YamlDotNet.dll
Symbol file LoadedFromMemory doesn't match image C:\Users\p013206k\Documents\GitHub\VRAssignment\Library\PackageCache\com.unity.visualscripting@1.7.8\Editor\VisualScripting.Core\Dependencies\DotNetZip\Unity.VisualScripting.IonicZip.dll
Native extension for WindowsStandalone target not found
Native extension for Android target not found
Native extension for WebGL target not found
Refreshing native plugins compatible for Editor in 0.80 ms, found 8 plugins.
Preloading 0 native plugins for Editor in 0.00 ms.
[Package Manager] Server::EnsureServerProcessIsRunning -- launch failed, reason: Unity was launched with the -noUpm command-line argument
[Package Manager] UpmClient::Send -- Unable to send message (not connected to UPM process).
[Package Manager] Cannot connect to Unity Package Manager local server
Mono: successfully reloaded assembly
[Package Manager] Server::EnsureServerProcessIsRunning -- launch failed, reason: Unity was launched with the -noUpm command-line argument
[Package Manager] UpmClient::Send -- Unable to send message (not connected to UPM process).
[Package Manager] Cannot connect to Unity Package Manager local server
- Completed reload, in  1.166 seconds
Domain Reload Profiling:
	ReloadAssembly (1167ms)
		BeginReloadAssembly (149ms)
			ExecutionOrderSort (0ms)
			DisableScriptedObjects (5ms)
			BackupInstance (0ms)
			ReleaseScriptingObjects (0ms)
			CreateAndSetChildDomain (45ms)
		EndReloadAssembly (897ms)
			LoadAssemblies (96ms)
			RebuildTransferFunctionScriptingTraits (0ms)
			SetupTypeCache (319ms)
				TypeCache.Initialize (314ms)
					TypeCache.ScanAssembly (308ms)
				ResolveRequiredComponents (5ms)
			ReleaseScriptCaches (1ms)
			RebuildScriptCaches (41ms)
			SetupLoadedEditorAssemblies (390ms)
				LogAssemblyErrors (0ms)
				InitializePlatformSupportModulesInManaged (22ms)
				SetLoadedEditorAssemblies (7ms)
				RefreshPlugins (1ms)
				BeforeProcessingInitializeOnLoad (80ms)
				ProcessInitializeOnLoadAttributes (246ms)
				ProcessInitializeOnLoadMethodAttributes (27ms)
				AfterProcessingInitializeOnLoad (8ms)
				EditorAssembliesLoaded (0ms)
			ExecutionOrderSort2 (0ms)
			AwakeInstancesAfterBackupRestoration (6ms)
Platform modules already initialized, skipping
Refreshing native plugins compatible for Editor in 4.91 ms, found 8 plugins.
Preloading 0 native plugins for Editor in 0.00 ms.
Unloading 4189 Unused Serialized files (Serialized files now loaded: 0)
Unloading 36 unused Assets / (24.6 KB). Loaded Objects now: 4671.
Memory consumption went from 0.63 GB to 0.63 GB.
Total: 3.475800 ms (FindLiveObjects: 0.287200 ms CreateObjectMapping: 0.198400 ms MarkObjects: 2.966200 ms  DeleteObjects: 0.022900 ms)

AssetImportParameters requested are different than current active one (requested -> active):
  custom:video-decoder-ogg-theora: a1e56fd34408186e4bbccfd4996cb3dc -> 
  custom:container-muxer-webm: aa71ff27fc2769a1b78a27578f13a17b -> 
  custom:container-demuxer-webm: 4f35f7cbe854078d1ac9338744f61a02 -> 
  custom:video-encoder-webm-vp8: eb34c28f22e8b96e1ab97ce403110664 -> 
  custom:audio-encoder-webm-vorbis: bf7c407c2cedff20999df2af8eb42d56 -> 
  custom:framework-win-MediaFoundation: 216162199b28c13a410421893ffa2e32 -> 
  custom:container-demuxer-ogg: 62fdf1f143b41e24485cea50d1cbac27 -> 
  custom:video-decoder-webm-vp8: 9c59270c3fd7afecdb556c50c9e8de78 -> 
  custom:audio-decoder-ogg-vorbis: bf7c407c2cedff20999df2af8eb42d56 -> 
========================================================================
Received Import Request.
  Time since last request: 10.596889 seconds.
  path: Assets/Scripts
  artifactKey: Guid(fe91a12e1efd25841ada9111c666dd1e) Importer(815301076,1909f56bfc062723c751e8b465ee728b)
Start importing Assets/Scripts using Guid(fe91a12e1efd25841ada9111c666dd1e) Importer(815301076,1909f56bfc062723c751e8b465ee728b)  -> (artifact id: '9dbdaac52942518f1e5888cd0be6f9f9') in 0.011620 seconds 
========================================================================
Received Prepare
Registering precompiled user dll's ...
Registered in 0.008841 seconds.
Begin MonoManager ReloadAssembly
Symbol file LoadedFromMemory doesn't match image C:\Users\p013206k\Documents\GitHub\VRAssignment\Library\PackageCache\com.unity.visualscripting@1.7.8\Editor\VisualScripting.Core\Dependencies\YamlDotNet\Unity.VisualScripting.YamlDotNet.dll
Symbol file LoadedFromMemory doesn't match image C:\Users\p013206k\Documents\GitHub\VRAssignment\Library\PackageCache\com.unity.visualscripting@1.7.8\Editor\VisualScripting.Core\Dependencies\DotNetZip\Unity.VisualScripting.IonicZip.dll
Native extension for WindowsStandalone target not found
Native extension for Android target not found
Native extension for WebGL target not found
Refreshing native plugins compatible for Editor in 0.74 ms, found 8 plugins.
Preloading 0 native plugins for Editor in 0.00 ms.
[Package Manager] Server::EnsureServerProcessIsRunning -- launch failed, reason: Unity was launched with the -noUpm command-line argument
[Package Manager] UpmClient::Send -- Unable to send message (not connected to UPM process).
[Package Manager] Cannot connect to Unity Package Manager local server
Mono: successfully reloaded assembly
[Package Manager] Server::EnsureServerProcessIsRunning -- launch failed, reason: Unity was launched with the -noUpm command-line argument
[Package Manager] UpmClient::Send -- Unable to send message (not connected to UPM process).
[Package Manager] Cannot connect to Unity Package Manager local server
- Completed reload, in  1.190 seconds
Domain Reload Profiling:
	ReloadAssembly (1190ms)
		BeginReloadAssembly (136ms)
			ExecutionOrderSort (0ms)
			DisableScriptedObjects (4ms)
			BackupInstance (0ms)
			ReleaseScriptingObjects (0ms)
			CreateAndSetChildDomain (39ms)
		EndReloadAssembly (945ms)
			LoadAssemblies (90ms)
			RebuildTransferFunctionScriptingTraits (0ms)
			SetupTypeCache (324ms)
				TypeCache.Initialize (317ms)
					TypeCache.ScanAssembly (312ms)
				ResolveRequiredComponents (6ms)
			ReleaseScriptCaches (1ms)
			RebuildScriptCaches (44ms)
			SetupLoadedEditorAssemblies (417ms)
				LogAssemblyErrors (0ms)
				InitializePlatformSupportModulesInManaged (24ms)
				SetLoadedEditorAssemblies (6ms)
				RefreshPlugins (1ms)
				BeforeProcessingInitializeOnLoad (80ms)
				ProcessInitializeOnLoadAttributes (265ms)
				ProcessInitializeOnLoadMethodAttributes (32ms)
				AfterProcessingInitializeOnLoad (8ms)
				EditorAssembliesLoaded (0ms)
			ExecutionOrderSort2 (0ms)
			AwakeInstancesAfterBackupRestoration (6ms)
Platform modules already initialized, skipping
Refreshing native plugins compatible for Editor in 4.38 ms, found 8 plugins.
Preloading 0 native plugins for Editor in 0.00 ms.
Unloading 4189 Unused Serialized files (Serialized files now loaded: 0)
Unloading 36 unused Assets / (24.6 KB). Loaded Objects now: 4675.
Memory consumption went from 0.63 GB to 0.63 GB.
Total: 3.085300 ms (FindLiveObjects: 0.288900 ms CreateObjectMapping: 0.213500 ms MarkObjects: 2.550000 ms  DeleteObjects: 0.032000 ms)

AssetImportParameters requested are different than current active one (requested -> active):
  custom:video-decoder-ogg-theora: a1e56fd34408186e4bbccfd4996cb3dc -> 
  custom:container-muxer-webm: aa71ff27fc2769a1b78a27578f13a17b -> 
  custom:container-demuxer-webm: 4f35f7cbe854078d1ac9338744f61a02 -> 
  custom:video-encoder-webm-vp8: eb34c28f22e8b96e1ab97ce403110664 -> 
  custom:audio-encoder-webm-vorbis: bf7c407c2cedff20999df2af8eb42d56 -> 
  custom:framework-win-MediaFoundation: 216162199b28c13a410421893ffa2e32 -> 
  custom:container-demuxer-ogg: 62fdf1f143b41e24485cea50d1cbac27 -> 
  custom:video-decoder-webm-vp8: 9c59270c3fd7afecdb556c50c9e8de78 -> 
  custom:audio-decoder-ogg-vorbis: bf7c407c2cedff20999df2af8eb42d56 -> 
========================================================================
Received Import Request.
  Time since last request: 285.966359 seconds.
  path: Assets/Scripts/MagicTractorBeam.cs
  artifactKey: Guid(3fac8275abf3d0846aa107e6b7450193) Importer(815301076,1909f56bfc062723c751e8b465ee728b)
Start importing Assets/Scripts/MagicTractorBeam.cs using Guid(3fac8275abf3d0846aa107e6b7450193) Importer(815301076,1909f56bfc062723c751e8b465ee728b)  -> (artifact id: '79979f8e8a50e951d5deeb905be0ea4f') in 0.011216 seconds 
========================================================================
Received Import Request.
  Time since last request: 37.531034 seconds.
  path: Assets/Scripts/MagicTractorBeam.cs
  artifactKey: Guid(3fac8275abf3d0846aa107e6b7450193) Importer(815301076,1909f56bfc062723c751e8b465ee728b)
Start importing Assets/Scripts/MagicTractorBeam.cs using Guid(3fac8275abf3d0846aa107e6b7450193) Importer(815301076,1909f56bfc062723c751e8b465ee728b)  -> (artifact id: '66fbf6c97038c4f6b431a3022b232029') in 0.002647 seconds 
========================================================================
Received Import Request.
  Time since last request: 0.015840 seconds.
  path: Assets/Scripts/MasterController.cs
  artifactKey: Guid(a21f68bed737e54418e5b22b5fe2ed36) Importer(815301076,1909f56bfc062723c751e8b465ee728b)
Start importing Assets/Scripts/MasterController.cs using Guid(a21f68bed737e54418e5b22b5fe2ed36) Importer(815301076,1909f56bfc062723c751e8b465ee728b)  -> (artifact id: '21a5d86ca84dd266e99e2d31d966c808') in 0.006716 seconds 
========================================================================
Received Prepare
Registering precompiled user dll's ...
Registered in 0.011549 seconds.
Begin MonoManager ReloadAssembly
Symbol file LoadedFromMemory doesn't match image C:\Users\p013206k\Documents\GitHub\VRAssignment\Library\PackageCache\com.unity.visualscripting@1.7.8\Editor\VisualScripting.Core\Dependencies\YamlDotNet\Unity.VisualScripting.YamlDotNet.dll
Symbol file LoadedFromMemory doesn't match image C:\Users\p013206k\Documents\GitHub\VRAssignment\Library\PackageCache\com.unity.visualscripting@1.7.8\Editor\VisualScripting.Core\Dependencies\DotNetZip\Unity.VisualScripting.IonicZip.dll
Native extension for WindowsStandalone target not found
Native extension for Android target not found
Native extension for WebGL target not found
Refreshing native plugins compatible for Editor in 0.78 ms, found 8 plugins.
Preloading 0 native plugins for Editor in 0.00 ms.
[Package Manager] Server::EnsureServerProcessIsRunning -- launch failed, reason: Unity was launched with the -noUpm command-line argument
[Package Manager] UpmClient::Send -- Unable to send message (not connected to UPM process).
[Package Manager] Cannot connect to Unity Package Manager local server
Mono: successfully reloaded assembly
[Package Manager] Server::EnsureServerProcessIsRunning -- launch failed, reason: Unity was launched with the -noUpm command-line argument
[Package Manager] UpmClient::Send -- Unable to send message (not connected to UPM process).
[Package Manager] Cannot connect to Unity Package Manager local server
- Completed reload, in  1.193 seconds
Domain Reload Profiling:
	ReloadAssembly (1193ms)
		BeginReloadAssembly (142ms)
			ExecutionOrderSort (0ms)
			DisableScriptedObjects (5ms)
			BackupInstance (0ms)
			ReleaseScriptingObjects (0ms)
			CreateAndSetChildDomain (41ms)
		EndReloadAssembly (941ms)
			LoadAssemblies (96ms)
			RebuildTransferFunctionScriptingTraits (0ms)
			SetupTypeCache (316ms)
				TypeCache.Initialize (310ms)
					TypeCache.ScanAssembly (303ms)
				ResolveRequiredComponents (6ms)
			ReleaseScriptCaches (1ms)
			RebuildScriptCaches (43ms)
			SetupLoadedEditorAssemblies (430ms)
				LogAssemblyErrors (0ms)
				InitializePlatformSupportModulesInManaged (25ms)
				SetLoadedEditorAssemblies (7ms)
				RefreshPlugins (1ms)
				BeforeProcessingInitializeOnLoad (77ms)
				ProcessInitializeOnLoadAttributes (282ms)
				ProcessInitializeOnLoadMethodAttributes (30ms)
				AfterProcessingInitializeOnLoad (9ms)
				EditorAssembliesLoaded (0ms)
			ExecutionOrderSort2 (0ms)
			AwakeInstancesAfterBackupRestoration (6ms)
Platform modules already initialized, skipping
Refreshing native plugins compatible for Editor in 4.52 ms, found 8 plugins.
Preloading 0 native plugins for Editor in 0.00 ms.
Unloading 4193 Unused Serialized files (Serialized files now loaded: 0)
Unloading 36 unused Assets / (24.6 KB). Loaded Objects now: 4683.
Memory consumption went from 0.63 GB to 0.63 GB.
Total: 3.123600 ms (FindLiveObjects: 0.316800 ms CreateObjectMapping: 0.246200 ms MarkObjects: 2.538400 ms  DeleteObjects: 0.020900 ms)

AssetImportParameters requested are different than current active one (requested -> active):
  custom:video-decoder-ogg-theora: a1e56fd34408186e4bbccfd4996cb3dc -> 
  custom:container-muxer-webm: aa71ff27fc2769a1b78a27578f13a17b -> 
  custom:container-demuxer-webm: 4f35f7cbe854078d1ac9338744f61a02 -> 
  custom:video-encoder-webm-vp8: eb34c28f22e8b96e1ab97ce403110664 -> 
  custom:audio-encoder-webm-vorbis: bf7c407c2cedff20999df2af8eb42d56 -> 
  custom:framework-win-MediaFoundation: 216162199b28c13a410421893ffa2e32 -> 
  custom:container-demuxer-ogg: 62fdf1f143b41e24485cea50d1cbac27 -> 
  custom:video-decoder-webm-vp8: 9c59270c3fd7afecdb556c50c9e8de78 -> 
  custom:audio-decoder-ogg-vorbis: bf7c407c2cedff20999df2af8eb42d56 -> 
========================================================================
Received Import Request.
  Time since last request: 78.439255 seconds.
  path: Assets/Scripts/SelectionOutline.cs
  artifactKey: Guid(d12d06388defec44ba73ba3c452ab477) Importer(815301076,1909f56bfc062723c751e8b465ee728b)
Start importing Assets/Scripts/SelectionOutline.cs using Guid(d12d06388defec44ba73ba3c452ab477) Importer(815301076,1909f56bfc062723c751e8b465ee728b)  -> (artifact id: '2f45edcb3721062534ffd4e29e071cb0') in 0.007567 seconds 
========================================================================
Received Import Request.
  Time since last request: 5.188866 seconds.
  path: Assets/Scripts/StationaryOnPull.cs
  artifactKey: Guid(b9661a9c734b47b4eb86f36808281e0b) Importer(815301076,1909f56bfc062723c751e8b465ee728b)
Start importing Assets/Scripts/StationaryOnPull.cs using Guid(b9661a9c734b47b4eb86f36808281e0b) Importer(815301076,1909f56bfc062723c751e8b465ee728b)  -> (artifact id: '877e08746e1ecd1191a0020a46550d65') in 0.002599 seconds 
========================================================================
Received Import Request.
  Time since last request: 11.888129 seconds.
  path: Assets/Scripts/UnityScripts
  artifactKey: Guid(245fc9e7a8a3a3c4dab86de4796bdd58) Importer(815301076,1909f56bfc062723c751e8b465ee728b)
Start importing Assets/Scripts/UnityScripts using Guid(245fc9e7a8a3a3c4dab86de4796bdd58) Importer(815301076,1909f56bfc062723c751e8b465ee728b)  -> (artifact id: '996967b496779f0c0cac3ab2c6095494') in 0.007199 seconds 
========================================================================
Received Prepare
Registering precompiled user dll's ...
Registered in 0.010817 seconds.
Begin MonoManager ReloadAssembly
Symbol file LoadedFromMemory doesn't match image C:\Users\p013206k\Documents\GitHub\VRAssignment\Library\PackageCache\com.unity.visualscripting@1.7.8\Editor\VisualScripting.Core\Dependencies\YamlDotNet\Unity.VisualScripting.YamlDotNet.dll
Symbol file LoadedFromMemory doesn't match image C:\Users\p013206k\Documents\GitHub\VRAssignment\Library\PackageCache\com.unity.visualscripting@1.7.8\Editor\VisualScripting.Core\Dependencies\DotNetZip\Unity.VisualScripting.IonicZip.dll
Native extension for WindowsStandalone target not found
Native extension for Android target not found
Native extension for WebGL target not found
Refreshing native plugins compatible for Editor in 0.75 ms, found 8 plugins.
Preloading 0 native plugins for Editor in 0.00 ms.
[Package Manager] Server::EnsureServerProcessIsRunning -- launch failed, reason: Unity was launched with the -noUpm command-line argument
[Package Manager] UpmClient::Send -- Unable to send message (not connected to UPM process).
[Package Manager] Cannot connect to Unity Package Manager local server
Mono: successfully reloaded assembly
[Package Manager] Server::EnsureServerProcessIsRunning -- launch failed, reason: Unity was launched with the -noUpm command-line argument
[Package Manager] UpmClient::Send -- Unable to send message (not connected to UPM process).
[Package Manager] Cannot connect to Unity Package Manager local server
- Completed reload, in  1.215 seconds
Domain Reload Profiling:
	ReloadAssembly (1215ms)
		BeginReloadAssembly (146ms)
			ExecutionOrderSort (0ms)
			DisableScriptedObjects (4ms)
			BackupInstance (0ms)
			ReleaseScriptingObjects (0ms)
			CreateAndSetChildDomain (41ms)
		EndReloadAssembly (966ms)
			LoadAssemblies (100ms)
			RebuildTransferFunctionScriptingTraits (0ms)
			SetupTypeCache (316ms)
				TypeCache.Initialize (311ms)
					TypeCache.ScanAssembly (304ms)
				ResolveRequiredComponents (6ms)
			ReleaseScriptCaches (1ms)
			RebuildScriptCaches (53ms)
			SetupLoadedEditorAssemblies (435ms)
				LogAssemblyErrors (0ms)
				InitializePlatformSupportModulesInManaged (24ms)
				SetLoadedEditorAssemblies (6ms)
				RefreshPlugins (1ms)
				BeforeProcessingInitializeOnLoad (81ms)
				ProcessInitializeOnLoadAttributes (282ms)
				ProcessInitializeOnLoadMethodAttributes (32ms)
				AfterProcessingInitializeOnLoad (9ms)
				EditorAssembliesLoaded (0ms)
			ExecutionOrderSort2 (0ms)
			AwakeInstancesAfterBackupRestoration (6ms)
Platform modules already initialized, skipping
Refreshing native plugins compatible for Editor in 4.32 ms, found 8 plugins.
Preloading 0 native plugins for Editor in 0.00 ms.
Unloading 4193 Unused Serialized files (Serialized files now loaded: 0)
Unloading 36 unused Assets / (24.7 KB). Loaded Objects now: 4687.
Memory consumption went from 0.63 GB to 0.63 GB.
Total: 4.238300 ms (FindLiveObjects: 0.321800 ms CreateObjectMapping: 0.279200 ms MarkObjects: 3.609400 ms  DeleteObjects: 0.026700 ms)

AssetImportParameters requested are different than current active one (requested -> active):
  custom:video-decoder-ogg-theora: a1e56fd34408186e4bbccfd4996cb3dc -> 
  custom:container-muxer-webm: aa71ff27fc2769a1b78a27578f13a17b -> 
  custom:container-demuxer-webm: 4f35f7cbe854078d1ac9338744f61a02 -> 
  custom:video-encoder-webm-vp8: eb34c28f22e8b96e1ab97ce403110664 -> 
  custom:audio-encoder-webm-vorbis: bf7c407c2cedff20999df2af8eb42d56 -> 
  custom:framework-win-MediaFoundation: 216162199b28c13a410421893ffa2e32 -> 
  custom:container-demuxer-ogg: 62fdf1f143b41e24485cea50d1cbac27 -> 
  custom:video-decoder-webm-vp8: 9c59270c3fd7afecdb556c50c9e8de78 -> 
  custom:audio-decoder-ogg-vorbis: bf7c407c2cedff20999df2af8eb42d56 -> 
========================================================================
Received Import Request.
  Time since last request: 64.109550 seconds.
  path: Assets/Prefabs/TeleportationPad.prefab
  artifactKey: Guid(fb82ef76dd8463a4f9d5dfdee8aea4e0) Importer(815301076,1909f56bfc062723c751e8b465ee728b)
Start importing Assets/Prefabs/TeleportationPad.prefab using Guid(fb82ef76dd8463a4f9d5dfdee8aea4e0) Importer(815301076,1909f56bfc062723c751e8b465ee728b)  -> (artifact id: 'de8466e093bd2f0b14d536ee4922ec35') in 0.076364 seconds 
========================================================================
Received Import Request.
  Time since last request: 151.696906 seconds.
  path: Assets/Prefabs/XR Origin.prefab
  artifactKey: Guid(bb9226a52c6efc4489c37eef8e8439e5) Importer(815301076,1909f56bfc062723c751e8b465ee728b)
Start importing Assets/Prefabs/XR Origin.prefab using Guid(bb9226a52c6efc4489c37eef8e8439e5) Importer(815301076,1909f56bfc062723c751e8b465ee728b)  -> (artifact id: 'fbed76236f8779301d281782434419c0') in 0.020464 seconds 
========================================================================
Received Import Request.
  Time since last request: 15.079327 seconds.
  path: Assets/Prefabs/XR Origin.prefab
  artifactKey: Guid(bb9226a52c6efc4489c37eef8e8439e5) Importer(815301076,1909f56bfc062723c751e8b465ee728b)
Start importing Assets/Prefabs/XR Origin.prefab using Guid(bb9226a52c6efc4489c37eef8e8439e5) Importer(815301076,1909f56bfc062723c751e8b465ee728b)  -> (artifact id: 'add73e858b2a24d201f4f58e82f74386') in 0.007495 seconds 
========================================================================
Received Import Request.
  Time since last request: 11.421927 seconds.
  path: Assets/Prefabs/XR Origin.prefab
  artifactKey: Guid(bb9226a52c6efc4489c37eef8e8439e5) Importer(815301076,1909f56bfc062723c751e8b465ee728b)
Start importing Assets/Prefabs/XR Origin.prefab using Guid(bb9226a52c6efc4489c37eef8e8439e5) Importer(815301076,1909f56bfc062723c751e8b465ee728b)  -> (artifact id: 'adfdbbd3ab79d25bdeb68f89fe484ff5') in 0.016120 seconds 
========================================================================
Received Import Request.
  Time since last request: 3.826278 seconds.
  path: Assets/Prefabs/XR Origin.prefab
  artifactKey: Guid(bb9226a52c6efc4489c37eef8e8439e5) Importer(815301076,1909f56bfc062723c751e8b465ee728b)
Start importing Assets/Prefabs/XR Origin.prefab using Guid(bb9226a52c6efc4489c37eef8e8439e5) Importer(815301076,1909f56bfc062723c751e8b465ee728b)  -> (artifact id: '46d14d1741a791df3b58288c42c02fd0') in 0.014143 seconds 
========================================================================
Received Import Request.
  Time since last request: 3.223044 seconds.
  path: Assets/Prefabs/XR Origin.prefab
  artifactKey: Guid(bb9226a52c6efc4489c37eef8e8439e5) Importer(815301076,1909f56bfc062723c751e8b465ee728b)
Start importing Assets/Prefabs/XR Origin.prefab using Guid(bb9226a52c6efc4489c37eef8e8439e5) Importer(815301076,1909f56bfc062723c751e8b465ee728b)  -> (artifact id: '726b990cd744b75f77a30b8fc6522afc') in 0.011170 seconds 
========================================================================
Received Import Request.
  Time since last request: 6.888300 seconds.
  path: Assets/Prefabs/XR Origin.prefab
  artifactKey: Guid(bb9226a52c6efc4489c37eef8e8439e5) Importer(815301076,1909f56bfc062723c751e8b465ee728b)
Start importing Assets/Prefabs/XR Origin.prefab using Guid(bb9226a52c6efc4489c37eef8e8439e5) Importer(815301076,1909f56bfc062723c751e8b465ee728b)  -> (artifact id: 'b788287f231264207eb3044d4b0f6dc7') in 0.010823 seconds 
========================================================================
Received Import Request.
  Time since last request: 34.776995 seconds.
  path: Assets/Prefabs/XR Origin.prefab
  artifactKey: Guid(bb9226a52c6efc4489c37eef8e8439e5) Importer(815301076,1909f56bfc062723c751e8b465ee728b)
Start importing Assets/Prefabs/XR Origin.prefab using Guid(bb9226a52c6efc4489c37eef8e8439e5) Importer(815301076,1909f56bfc062723c751e8b465ee728b)  -> (artifact id: 'dec9774924b21228f1ddc192d0b70f5e') in 0.012559 seconds 
========================================================================
Received Import Request.
  Time since last request: 7.050363 seconds.
  path: Assets/Prefabs/XR Origin.prefab
  artifactKey: Guid(bb9226a52c6efc4489c37eef8e8439e5) Importer(815301076,1909f56bfc062723c751e8b465ee728b)
Start importing Assets/Prefabs/XR Origin.prefab using Guid(bb9226a52c6efc4489c37eef8e8439e5) Importer(815301076,1909f56bfc062723c751e8b465ee728b)  -> (artifact id: '257bbcb66e2162bfd073c02a923760eb') in 0.011122 seconds 
========================================================================
Received Import Request.
  Time since last request: 12.563602 seconds.
  path: Assets/Prefabs/XR Origin.prefab
  artifactKey: Guid(bb9226a52c6efc4489c37eef8e8439e5) Importer(815301076,1909f56bfc062723c751e8b465ee728b)
Start importing Assets/Prefabs/XR Origin.prefab using Guid(bb9226a52c6efc4489c37eef8e8439e5) Importer(815301076,1909f56bfc062723c751e8b465ee728b)  -> (artifact id: '07c166f76d5712f9d9684828c1af1dc6') in 0.012730 seconds 
========================================================================
Received Import Request.
  Time since last request: 1.193094 seconds.
  path: Assets/Prefabs/XR Origin.prefab
  artifactKey: Guid(bb9226a52c6efc4489c37eef8e8439e5) Importer(815301076,1909f56bfc062723c751e8b465ee728b)
Start importing Assets/Prefabs/XR Origin.prefab using Guid(bb9226a52c6efc4489c37eef8e8439e5) Importer(815301076,1909f56bfc062723c751e8b465ee728b)  -> (artifact id: '8a91d045b0feac9cbdf090f31962ecbd') in 0.009798 seconds 
========================================================================
Received Import Request.
  Time since last request: 4.660621 seconds.
  path: Assets/Prefabs/XR Origin.prefab
  artifactKey: Guid(bb9226a52c6efc4489c37eef8e8439e5) Importer(815301076,1909f56bfc062723c751e8b465ee728b)
Start importing Assets/Prefabs/XR Origin.prefab using Guid(bb9226a52c6efc4489c37eef8e8439e5) Importer(815301076,1909f56bfc062723c751e8b465ee728b)  -> (artifact id: '0aa30e6d2be678bf00b0fee48a37f226') in 0.011073 seconds 
========================================================================
Received Import Request.
  Time since last request: 6.448460 seconds.
  path: Assets/Prefabs/XR Origin.prefab
  artifactKey: Guid(bb9226a52c6efc4489c37eef8e8439e5) Importer(815301076,1909f56bfc062723c751e8b465ee728b)
Start importing Assets/Prefabs/XR Origin.prefab using Guid(bb9226a52c6efc4489c37eef8e8439e5) Importer(815301076,1909f56bfc062723c751e8b465ee728b)  -> (artifact id: 'bc0a851693cc7074884b87c1c2d86ae4') in 0.012071 seconds 
========================================================================
Received Import Request.
  Time since last request: 4.749789 seconds.
  path: Assets/Prefabs/XR Origin.prefab
  artifactKey: Guid(bb9226a52c6efc4489c37eef8e8439e5) Importer(815301076,1909f56bfc062723c751e8b465ee728b)
Start importing Assets/Prefabs/XR Origin.prefab using Guid(bb9226a52c6efc4489c37eef8e8439e5) Importer(815301076,1909f56bfc062723c751e8b465ee728b)  -> (artifact id: '0cbc2bd6c43e120bb29804bc6acab9f0') in 0.011103 seconds 
========================================================================
Received Import Request.
  Time since last request: 13.098673 seconds.
  path: Assets/Prefabs/XR Origin.prefab
  artifactKey: Guid(bb9226a52c6efc4489c37eef8e8439e5) Importer(815301076,1909f56bfc062723c751e8b465ee728b)
Start importing Assets/Prefabs/XR Origin.prefab using Guid(bb9226a52c6efc4489c37eef8e8439e5) Importer(815301076,1909f56bfc062723c751e8b465ee728b)  -> (artifact id: '79aa30228924820537b2cd97d6d76d44') in 0.012452 seconds 
========================================================================
Received Import Request.
  Time since last request: 21.159177 seconds.
  path: Assets/Prefabs/XR Origin.prefab
  artifactKey: Guid(bb9226a52c6efc4489c37eef8e8439e5) Importer(815301076,1909f56bfc062723c751e8b465ee728b)
Start importing Assets/Prefabs/XR Origin.prefab using Guid(bb9226a52c6efc4489c37eef8e8439e5) Importer(815301076,1909f56bfc062723c751e8b465ee728b)  -> (artifact id: '54e0b6cbf792074a7d464e5350ac1e00') in 0.011321 seconds 
========================================================================
Received Import Request.
  Time since last request: 7.485447 seconds.
  path: Assets/Prefabs/XR Origin.prefab
  artifactKey: Guid(bb9226a52c6efc4489c37eef8e8439e5) Importer(815301076,1909f56bfc062723c751e8b465ee728b)
Start importing Assets/Prefabs/XR Origin.prefab using Guid(bb9226a52c6efc4489c37eef8e8439e5) Importer(815301076,1909f56bfc062723c751e8b465ee728b)  -> (artifact id: '0d5c426947cb88cc9cb21de05f1ed5f8') in 0.011509 seconds 
========================================================================
Received Import Request.
  Time since last request: 2.602657 seconds.
  path: Assets/Prefabs/XR Origin.prefab
  artifactKey: Guid(bb9226a52c6efc4489c37eef8e8439e5) Importer(815301076,1909f56bfc062723c751e8b465ee728b)
Start importing Assets/Prefabs/XR Origin.prefab using Guid(bb9226a52c6efc4489c37eef8e8439e5) Importer(815301076,1909f56bfc062723c751e8b465ee728b)  -> (artifact id: '94fdea37ef37fb2c43f699ff0dfcf2ab') in 0.011186 seconds 
========================================================================
Received Import Request.
  Time since last request: 1.847258 seconds.
  path: Assets/Prefabs/XR Origin.prefab
  artifactKey: Guid(bb9226a52c6efc4489c37eef8e8439e5) Importer(815301076,1909f56bfc062723c751e8b465ee728b)
Start importing Assets/Prefabs/XR Origin.prefab using Guid(bb9226a52c6efc4489c37eef8e8439e5) Importer(815301076,1909f56bfc062723c751e8b465ee728b)  -> (artifact id: '1dfa0747f8eefdfd90b41788191bde1b') in 0.011800 seconds 
========================================================================
Received Import Request.
  Time since last request: 2.003950 seconds.
  path: Assets/Prefabs/XR Origin.prefab
  artifactKey: Guid(bb9226a52c6efc4489c37eef8e8439e5) Importer(815301076,1909f56bfc062723c751e8b465ee728b)
Start importing Assets/Prefabs/XR Origin.prefab using Guid(bb9226a52c6efc4489c37eef8e8439e5) Importer(815301076,1909f56bfc062723c751e8b465ee728b)  -> (artifact id: '39d2286dd3b277fac4e0ae22a6f0df9c') in 0.012867 seconds 
========================================================================
Received Import Request.
  Time since last request: 10.322548 seconds.
  path: Assets/Prefabs/XR Origin.prefab
  artifactKey: Guid(bb9226a52c6efc4489c37eef8e8439e5) Importer(815301076,1909f56bfc062723c751e8b465ee728b)
Start importing Assets/Prefabs/XR Origin.prefab using Guid(bb9226a52c6efc4489c37eef8e8439e5) Importer(815301076,1909f56bfc062723c751e8b465ee728b)  -> (artifact id: '06a5c1b545a7baa2233e64f6a3e95cbd') in 0.012961 seconds 
========================================================================
Received Import Request.
  Time since last request: 5.481348 seconds.
  path: Assets/Prefabs/XR Origin.prefab
  artifactKey: Guid(bb9226a52c6efc4489c37eef8e8439e5) Importer(815301076,1909f56bfc062723c751e8b465ee728b)
Start importing Assets/Prefabs/XR Origin.prefab using Guid(bb9226a52c6efc4489c37eef8e8439e5) Importer(815301076,1909f56bfc062723c751e8b465ee728b)  -> (artifact id: '195f46d365de67e46b8a84d7dcb4d7d8') in 0.011553 seconds 
========================================================================
Received Import Request.
  Time since last request: 7.113105 seconds.
  path: Assets/Prefabs/XR Origin.prefab
  artifactKey: Guid(bb9226a52c6efc4489c37eef8e8439e5) Importer(815301076,1909f56bfc062723c751e8b465ee728b)
Start importing Assets/Prefabs/XR Origin.prefab using Guid(bb9226a52c6efc4489c37eef8e8439e5) Importer(815301076,1909f56bfc062723c751e8b465ee728b)  -> (artifact id: 'f581f5f0ed4ac91f546ee8ca386e4583') in 0.011028 seconds 
========================================================================
Received Import Request.
  Time since last request: 23.441154 seconds.
  path: Assets/Prefabs/XR Origin.prefab
  artifactKey: Guid(bb9226a52c6efc4489c37eef8e8439e5) Importer(815301076,1909f56bfc062723c751e8b465ee728b)
Start importing Assets/Prefabs/XR Origin.prefab using Guid(bb9226a52c6efc4489c37eef8e8439e5) Importer(815301076,1909f56bfc062723c751e8b465ee728b)  -> (artifact id: 'a247493b63c3c21fd3414446acecfda5') in 0.010837 seconds 
========================================================================
Received Import Request.
  Time since last request: 6.630080 seconds.
  path: Assets/Prefabs/XR Origin.prefab
  artifactKey: Guid(bb9226a52c6efc4489c37eef8e8439e5) Importer(815301076,1909f56bfc062723c751e8b465ee728b)
Start importing Assets/Prefabs/XR Origin.prefab using Guid(bb9226a52c6efc4489c37eef8e8439e5) Importer(815301076,1909f56bfc062723c751e8b465ee728b)  -> (artifact id: '87e1c808e1efa8f03036eee17f48fbfb') in 0.009641 seconds 
========================================================================
Received Import Request.
  Time since last request: 15.819070 seconds.
  path: Assets/Prefabs/TeleportReticle.prefab
  artifactKey: Guid(1cf3c1b01cdb1b54496f30bf0857fc2d) Importer(815301076,1909f56bfc062723c751e8b465ee728b)
Start importing Assets/Prefabs/TeleportReticle.prefab using Guid(1cf3c1b01cdb1b54496f30bf0857fc2d) Importer(815301076,1909f56bfc062723c751e8b465ee728b)  -> (artifact id: 'e008f9544abf0581e3b8489d9bb64ae6') in 0.010124 seconds 
========================================================================
Received Import Request.
  Time since last request: 16.269570 seconds.
  path: Assets/Prefabs/XR Origin.prefab
  artifactKey: Guid(bb9226a52c6efc4489c37eef8e8439e5) Importer(815301076,1909f56bfc062723c751e8b465ee728b)
Start importing Assets/Prefabs/XR Origin.prefab using Guid(bb9226a52c6efc4489c37eef8e8439e5) Importer(815301076,1909f56bfc062723c751e8b465ee728b)  -> (artifact id: '976a899e76b699e614b9e7e8644429da') in 0.015600 seconds 
========================================================================
Received Import Request.
  Time since last request: 83.167426 seconds.
  path: Assets/Prefabs/XR Origin.prefab
  artifactKey: Guid(bb9226a52c6efc4489c37eef8e8439e5) Importer(815301076,1909f56bfc062723c751e8b465ee728b)
Start importing Assets/Prefabs/XR Origin.prefab using Guid(bb9226a52c6efc4489c37eef8e8439e5) Importer(815301076,1909f56bfc062723c751e8b465ee728b)  -> (artifact id: '83550700d687c0e447afecf8e9f709f8') in 0.011927 seconds 
========================================================================
Received Import Request.
  Time since last request: 5.429536 seconds.
  path: Assets/Prefabs/XR Origin.prefab
  artifactKey: Guid(bb9226a52c6efc4489c37eef8e8439e5) Importer(815301076,1909f56bfc062723c751e8b465ee728b)
Start importing Assets/Prefabs/XR Origin.prefab using Guid(bb9226a52c6efc4489c37eef8e8439e5) Importer(815301076,1909f56bfc062723c751e8b465ee728b)  -> (artifact id: 'c03fcade774a5b0fd5f381ded5a68615') in 0.012989 seconds 
========================================================================
Received Import Request.
  Time since last request: 0.778635 seconds.
  path: Assets/Prefabs/XR Origin.prefab
  artifactKey: Guid(bb9226a52c6efc4489c37eef8e8439e5) Importer(815301076,1909f56bfc062723c751e8b465ee728b)
Start importing Assets/Prefabs/XR Origin.prefab using Guid(bb9226a52c6efc4489c37eef8e8439e5) Importer(815301076,1909f56bfc062723c751e8b465ee728b)  -> (artifact id: 'd1350f30baf2676e4cdaea9beda9b9b9') in 0.014186 seconds 
========================================================================
Received Import Request.
  Time since last request: 12.113435 seconds.
  path: Assets/Prefabs/XR Origin.prefab
  artifactKey: Guid(bb9226a52c6efc4489c37eef8e8439e5) Importer(815301076,1909f56bfc062723c751e8b465ee728b)
Start importing Assets/Prefabs/XR Origin.prefab using Guid(bb9226a52c6efc4489c37eef8e8439e5) Importer(815301076,1909f56bfc062723c751e8b465ee728b)  -> (artifact id: 'c6f796a69ba816543eb6c4cda72b3fb3') in 0.017336 seconds 
========================================================================
Received Import Request.
  Time since last request: 5.910035 seconds.
  path: Assets/Prefabs/XR Origin.prefab
  artifactKey: Guid(bb9226a52c6efc4489c37eef8e8439e5) Importer(815301076,1909f56bfc062723c751e8b465ee728b)
Start importing Assets/Prefabs/XR Origin.prefab using Guid(bb9226a52c6efc4489c37eef8e8439e5) Importer(815301076,1909f56bfc062723c751e8b465ee728b)  -> (artifact id: 'cb99629ab55b6c22e4db77de327c353a') in 0.012145 seconds 
========================================================================
Received Import Request.
  Time since last request: 12.113895 seconds.
  path: Assets/Prefabs/XR Origin.prefab
  artifactKey: Guid(bb9226a52c6efc4489c37eef8e8439e5) Importer(815301076,1909f56bfc062723c751e8b465ee728b)
Start importing Assets/Prefabs/XR Origin.prefab using Guid(bb9226a52c6efc4489c37eef8e8439e5) Importer(815301076,1909f56bfc062723c751e8b465ee728b)  -> (artifact id: '6ff0370ad6a4e1e8b5735de63584763a') in 0.015877 seconds 
========================================================================
Received Prepare
Registering precompiled user dll's ...
Registered in 0.010066 seconds.
Begin MonoManager ReloadAssembly
Symbol file LoadedFromMemory doesn't match image C:\Users\p013206k\Documents\GitHub\VRAssignment\Library\PackageCache\com.unity.visualscripting@1.7.8\Editor\VisualScripting.Core\Dependencies\YamlDotNet\Unity.VisualScripting.YamlDotNet.dll
Symbol file LoadedFromMemory doesn't match image C:\Users\p013206k\Documents\GitHub\VRAssignment\Library\PackageCache\com.unity.visualscripting@1.7.8\Editor\VisualScripting.Core\Dependencies\DotNetZip\Unity.VisualScripting.IonicZip.dll
Native extension for WindowsStandalone target not found
Native extension for Android target not found
Native extension for WebGL target not found
Refreshing native plugins compatible for Editor in 1.32 ms, found 8 plugins.
Preloading 0 native plugins for Editor in 0.00 ms.
[Package Manager] Server::EnsureServerProcessIsRunning -- launch failed, reason: Unity was launched with the -noUpm command-line argument
[Package Manager] UpmClient::Send -- Unable to send message (not connected to UPM process).
[Package Manager] Cannot connect to Unity Package Manager local server
Mono: successfully reloaded assembly
[Package Manager] Server::EnsureServerProcessIsRunning -- launch failed, reason: Unity was launched with the -noUpm command-line argument
[Package Manager] UpmClient::Send -- Unable to send message (not connected to UPM process).
[Package Manager] Cannot connect to Unity Package Manager local server
- Completed reload, in  1.207 seconds
Domain Reload Profiling:
	ReloadAssembly (1208ms)
		BeginReloadAssembly (153ms)
			ExecutionOrderSort (0ms)
			DisableScriptedObjects (7ms)
			BackupInstance (0ms)
			ReleaseScriptingObjects (0ms)
			CreateAndSetChildDomain (46ms)
		EndReloadAssembly (944ms)
			LoadAssemblies (95ms)
			RebuildTransferFunctionScriptingTraits (0ms)
			SetupTypeCache (320ms)
				TypeCache.Initialize (313ms)
					TypeCache.ScanAssembly (306ms)
				ResolveRequiredComponents (7ms)
			ReleaseScriptCaches (1ms)
			RebuildScriptCaches (43ms)
			SetupLoadedEditorAssemblies (428ms)
				LogAssemblyErrors (0ms)
				InitializePlatformSupportModulesInManaged (25ms)
				SetLoadedEditorAssemblies (7ms)
				RefreshPlugins (1ms)
				BeforeProcessingInitializeOnLoad (79ms)
				ProcessInitializeOnLoadAttributes (277ms)
				ProcessInitializeOnLoadMethodAttributes (30ms)
				AfterProcessingInitializeOnLoad (8ms)
				EditorAssembliesLoaded (0ms)
			ExecutionOrderSort2 (0ms)
			AwakeInstancesAfterBackupRestoration (6ms)
Platform modules already initialized, skipping
Refreshing native plugins compatible for Editor in 5.52 ms, found 8 plugins.
Preloading 0 native plugins for Editor in 0.00 ms.
Unloading 4193 Unused Serialized files (Serialized files now loaded: 0)
Unloading 36 unused Assets / (24.6 KB). Loaded Objects now: 4691.
Memory consumption went from 0.63 GB to 0.63 GB.
Total: 2.941600 ms (FindLiveObjects: 0.294600 ms CreateObjectMapping: 0.235200 ms MarkObjects: 2.393100 ms  DeleteObjects: 0.017900 ms)

AssetImportParameters requested are different than current active one (requested -> active):
  custom:video-decoder-ogg-theora: a1e56fd34408186e4bbccfd4996cb3dc -> 
  custom:container-muxer-webm: aa71ff27fc2769a1b78a27578f13a17b -> 
  custom:container-demuxer-webm: 4f35f7cbe854078d1ac9338744f61a02 -> 
  custom:video-encoder-webm-vp8: eb34c28f22e8b96e1ab97ce403110664 -> 
  custom:audio-encoder-webm-vorbis: bf7c407c2cedff20999df2af8eb42d56 -> 
  custom:framework-win-MediaFoundation: 216162199b28c13a410421893ffa2e32 -> 
  custom:container-demuxer-ogg: 62fdf1f143b41e24485cea50d1cbac27 -> 
  custom:video-decoder-webm-vp8: 9c59270c3fd7afecdb556c50c9e8de78 -> 
  custom:audio-decoder-ogg-vorbis: bf7c407c2cedff20999df2af8eb42d56 -> 
========================================================================
Received Prepare
Registering precompiled user dll's ...
Registered in 0.010342 seconds.
Begin MonoManager ReloadAssembly
Symbol file LoadedFromMemory doesn't match image C:\Users\p013206k\Documents\GitHub\VRAssignment\Library\PackageCache\com.unity.visualscripting@1.7.8\Editor\VisualScripting.Core\Dependencies\YamlDotNet\Unity.VisualScripting.YamlDotNet.dll
Symbol file LoadedFromMemory doesn't match image C:\Users\p013206k\Documents\GitHub\VRAssignment\Library\PackageCache\com.unity.visualscripting@1.7.8\Editor\VisualScripting.Core\Dependencies\DotNetZip\Unity.VisualScripting.IonicZip.dll
Native extension for WindowsStandalone target not found
Native extension for Android target not found
Native extension for WebGL target not found
Refreshing native plugins compatible for Editor in 0.96 ms, found 8 plugins.
Preloading 0 native plugins for Editor in 0.00 ms.
[Package Manager] Server::EnsureServerProcessIsRunning -- launch failed, reason: Unity was launched with the -noUpm command-line argument
[Package Manager] UpmClient::Send -- Unable to send message (not connected to UPM process).
[Package Manager] Cannot connect to Unity Package Manager local server
Mono: successfully reloaded assembly
[Package Manager] Server::EnsureServerProcessIsRunning -- launch failed, reason: Unity was launched with the -noUpm command-line argument
[Package Manager] UpmClient::Send -- Unable to send message (not connected to UPM process).
[Package Manager] Cannot connect to Unity Package Manager local server
- Completed reload, in  1.221 seconds
Domain Reload Profiling:
	ReloadAssembly (1222ms)
		BeginReloadAssembly (133ms)
			ExecutionOrderSort (0ms)
			DisableScriptedObjects (4ms)
			BackupInstance (0ms)
			ReleaseScriptingObjects (0ms)
			CreateAndSetChildDomain (37ms)
		EndReloadAssembly (980ms)
			LoadAssemblies (87ms)
			RebuildTransferFunctionScriptingTraits (0ms)
			SetupTypeCache (328ms)
				TypeCache.Initialize (320ms)
					TypeCache.ScanAssembly (314ms)
				ResolveRequiredComponents (8ms)
			ReleaseScriptCaches (1ms)
			RebuildScriptCaches (44ms)
			SetupLoadedEditorAssemblies (452ms)
				LogAssemblyErrors (0ms)
				InitializePlatformSupportModulesInManaged (22ms)
				SetLoadedEditorAssemblies (7ms)
				RefreshPlugins (1ms)
				BeforeProcessingInitializeOnLoad (77ms)
				ProcessInitializeOnLoadAttributes (294ms)
				ProcessInitializeOnLoadMethodAttributes (37ms)
				AfterProcessingInitializeOnLoad (14ms)
				EditorAssembliesLoaded (0ms)
			ExecutionOrderSort2 (0ms)
			AwakeInstancesAfterBackupRestoration (8ms)
Platform modules already initialized, skipping
Refreshing native plugins compatible for Editor in 7.60 ms, found 8 plugins.
Preloading 0 native plugins for Editor in 0.00 ms.
Unloading 4194 Unused Serialized files (Serialized files now loaded: 0)
Unloading 36 unused Assets / (24.7 KB). Loaded Objects now: 4696.
Memory consumption went from 0.63 GB to 0.63 GB.
Total: 4.587000 ms (FindLiveObjects: 0.311100 ms CreateObjectMapping: 0.264900 ms MarkObjects: 3.984700 ms  DeleteObjects: 0.025300 ms)

AssetImportParameters requested are different than current active one (requested -> active):
  custom:video-decoder-ogg-theora: a1e56fd34408186e4bbccfd4996cb3dc -> 
  custom:container-muxer-webm: aa71ff27fc2769a1b78a27578f13a17b -> 
  custom:container-demuxer-webm: 4f35f7cbe854078d1ac9338744f61a02 -> 
  custom:video-encoder-webm-vp8: eb34c28f22e8b96e1ab97ce403110664 -> 
  custom:audio-encoder-webm-vorbis: bf7c407c2cedff20999df2af8eb42d56 -> 
  custom:framework-win-MediaFoundation: 216162199b28c13a410421893ffa2e32 -> 
  custom:container-demuxer-ogg: 62fdf1f143b41e24485cea50d1cbac27 -> 
  custom:video-decoder-webm-vp8: 9c59270c3fd7afecdb556c50c9e8de78 -> 
  custom:audio-decoder-ogg-vorbis: bf7c407c2cedff20999df2af8eb42d56 -> 
========================================================================
Received Import Request.
  Time since last request: 175.700490 seconds.
  path: Assets/Scripts/UnityScripts/AlignmentTrigger.cs
  artifactKey: Guid(af675f099fcb5c6468bb4d638724d035) Importer(815301076,1909f56bfc062723c751e8b465ee728b)
Start importing Assets/Scripts/UnityScripts/AlignmentTrigger.cs using Guid(af675f099fcb5c6468bb4d638724d035) Importer(815301076,1909f56bfc062723c751e8b465ee728b)  -> (artifact id: '15647de7adf961fd20f66186967f407d') in 0.016026 seconds 
========================================================================
Received Import Request.
  Time since last request: 155.596297 seconds.
  path: Assets/Prefabs/XR Origin 1.prefab
  artifactKey: Guid(5efb48b388b24c44bb96b51af454ccb0) Importer(815301076,1909f56bfc062723c751e8b465ee728b)
Start importing Assets/Prefabs/XR Origin 1.prefab using Guid(5efb48b388b24c44bb96b51af454ccb0) Importer(815301076,1909f56bfc062723c751e8b465ee728b)  -> (artifact id: 'a3bcf431638ab5de74bad845e5a621a0') in 0.080852 seconds 
========================================================================
Received Import Request.
  Time since last request: 18.741169 seconds.
  path: Assets/Prefabs/XR Origin2.prefab
  artifactKey: Guid(bb9226a52c6efc4489c37eef8e8439e5) Importer(815301076,1909f56bfc062723c751e8b465ee728b)
Start importing Assets/Prefabs/XR Origin2.prefab using Guid(bb9226a52c6efc4489c37eef8e8439e5) Importer(815301076,1909f56bfc062723c751e8b465ee728b)  -> (artifact id: 'b09df85dfe17987529de768c84139ac1') in 0.016985 seconds 
========================================================================
Received Import Request.
  Time since last request: 7.366248 seconds.
  path: Assets/Prefabs/XR Origin.prefab
  artifactKey: Guid(5efb48b388b24c44bb96b51af454ccb0) Importer(815301076,1909f56bfc062723c751e8b465ee728b)
Start importing Assets/Prefabs/XR Origin.prefab using Guid(5efb48b388b24c44bb96b51af454ccb0) Importer(815301076,1909f56bfc062723c751e8b465ee728b)  -> (artifact id: 'c0fecfd4b7d331486e386ad7c11c337d') in 0.018423 seconds 
========================================================================
Received Import Request.
  Time since last request: 31.038053 seconds.
  path: Assets/Prefabs/XR Origin.prefab
  artifactKey: Guid(5efb48b388b24c44bb96b51af454ccb0) Importer(815301076,1909f56bfc062723c751e8b465ee728b)
Start importing Assets/Prefabs/XR Origin.prefab using Guid(5efb48b388b24c44bb96b51af454ccb0) Importer(815301076,1909f56bfc062723c751e8b465ee728b)  -> (artifact id: '93d58417f9010a217feebb24e746fa54') in 0.015227 seconds 
========================================================================
Received Import Request.
  Time since last request: 1.569496 seconds.
  path: Assets/Prefabs/XR Origin.prefab
  artifactKey: Guid(5efb48b388b24c44bb96b51af454ccb0) Importer(815301076,1909f56bfc062723c751e8b465ee728b)
Start importing Assets/Prefabs/XR Origin.prefab using Guid(5efb48b388b24c44bb96b51af454ccb0) Importer(815301076,1909f56bfc062723c751e8b465ee728b)  -> (artifact id: '6a04fd183ca848237ffd59b5397564f9') in 0.094177 seconds 
========================================================================
Received Import Request.
  Time since last request: 9.596653 seconds.
  path: Assets/Prefabs/XR Origin.prefab
  artifactKey: Guid(5efb48b388b24c44bb96b51af454ccb0) Importer(815301076,1909f56bfc062723c751e8b465ee728b)
Start importing Assets/Prefabs/XR Origin.prefab using Guid(5efb48b388b24c44bb96b51af454ccb0) Importer(815301076,1909f56bfc062723c751e8b465ee728b)  -> (artifact id: '3a26311aec6aff0b673520a3bb698f2c') in 0.016758 seconds 
========================================================================
Received Import Request.
  Time since last request: 3.226628 seconds.
  path: Assets/Prefabs/XR Origin.prefab
  artifactKey: Guid(5efb48b388b24c44bb96b51af454ccb0) Importer(815301076,1909f56bfc062723c751e8b465ee728b)
Start importing Assets/Prefabs/XR Origin.prefab using Guid(5efb48b388b24c44bb96b51af454ccb0) Importer(815301076,1909f56bfc062723c751e8b465ee728b)  -> (artifact id: 'b7c59ccd0d4d227af9fb49e94b90576a') in 0.012931 seconds 
========================================================================
Received Import Request.
  Time since last request: 3.444711 seconds.
  path: Assets/Prefabs/XR Origin.prefab
  artifactKey: Guid(5efb48b388b24c44bb96b51af454ccb0) Importer(815301076,1909f56bfc062723c751e8b465ee728b)
Start importing Assets/Prefabs/XR Origin.prefab using Guid(5efb48b388b24c44bb96b51af454ccb0) Importer(815301076,1909f56bfc062723c751e8b465ee728b)  -> (artifact id: '6851c5c1cf3ed297aca478e80febd4ec') in 0.016938 seconds 
========================================================================
Received Import Request.
  Time since last request: 6.262433 seconds.
  path: Assets/Prefabs/XR Origin.prefab
  artifactKey: Guid(5efb48b388b24c44bb96b51af454ccb0) Importer(815301076,1909f56bfc062723c751e8b465ee728b)
Start importing Assets/Prefabs/XR Origin.prefab using Guid(5efb48b388b24c44bb96b51af454ccb0) Importer(815301076,1909f56bfc062723c751e8b465ee728b)  -> (artifact id: 'fa7036e395c864d09a4d29775a29dab9') in 0.014268 seconds 
========================================================================
Received Import Request.
  Time since last request: 14.969879 seconds.
  path: Assets/Prefabs/XR Origin.prefab
  artifactKey: Guid(5efb48b388b24c44bb96b51af454ccb0) Importer(815301076,1909f56bfc062723c751e8b465ee728b)
Start importing Assets/Prefabs/XR Origin.prefab using Guid(5efb48b388b24c44bb96b51af454ccb0) Importer(815301076,1909f56bfc062723c751e8b465ee728b)  -> (artifact id: 'c35bc0394a365a71bdb5070557d8eb9d') in 0.013792 seconds 
========================================================================
Received Import Request.
  Time since last request: 48.792619 seconds.
  path: Assets/Prefabs/XR Origin.prefab
  artifactKey: Guid(5efb48b388b24c44bb96b51af454ccb0) Importer(815301076,1909f56bfc062723c751e8b465ee728b)
Start importing Assets/Prefabs/XR Origin.prefab using Guid(5efb48b388b24c44bb96b51af454ccb0) Importer(815301076,1909f56bfc062723c751e8b465ee728b)  -> (artifact id: 'dbb934c055c75dbfb4962399caff84ef') in 0.016067 seconds 
========================================================================
Received Import Request.
  Time since last request: 1.200257 seconds.
  path: Assets/Prefabs/XR Origin.prefab
  artifactKey: Guid(5efb48b388b24c44bb96b51af454ccb0) Importer(815301076,1909f56bfc062723c751e8b465ee728b)
Start importing Assets/Prefabs/XR Origin.prefab using Guid(5efb48b388b24c44bb96b51af454ccb0) Importer(815301076,1909f56bfc062723c751e8b465ee728b)  -> (artifact id: '1455d5ba71e084bb3f4a74c6a8ffc1ee') in 0.012830 seconds 
========================================================================
Received Import Request.
  Time since last request: 3.811706 seconds.
  path: Assets/Prefabs/XR Origin.prefab
  artifactKey: Guid(5efb48b388b24c44bb96b51af454ccb0) Importer(815301076,1909f56bfc062723c751e8b465ee728b)
Start importing Assets/Prefabs/XR Origin.prefab using Guid(5efb48b388b24c44bb96b51af454ccb0) Importer(815301076,1909f56bfc062723c751e8b465ee728b)  -> (artifact id: '0840a5ab941376227343865885457dc5') in 0.013734 seconds 
========================================================================
Received Import Request.
  Time since last request: 2.203146 seconds.
  path: Assets/Prefabs/XR Origin.prefab
  artifactKey: Guid(5efb48b388b24c44bb96b51af454ccb0) Importer(815301076,1909f56bfc062723c751e8b465ee728b)
Start importing Assets/Prefabs/XR Origin.prefab using Guid(5efb48b388b24c44bb96b51af454ccb0) Importer(815301076,1909f56bfc062723c751e8b465ee728b)  -> (artifact id: '0d322ac74c82a652b877beef7003de59') in 0.013831 seconds 
========================================================================
Received Import Request.
  Time since last request: 11.966526 seconds.
  path: Assets/Prefabs/XR Origin.prefab
  artifactKey: Guid(5efb48b388b24c44bb96b51af454ccb0) Importer(815301076,1909f56bfc062723c751e8b465ee728b)
Start importing Assets/Prefabs/XR Origin.prefab using Guid(5efb48b388b24c44bb96b51af454ccb0) Importer(815301076,1909f56bfc062723c751e8b465ee728b)  -> (artifact id: '7f0730474d3e5bbf69a6a7f1dd7a7bfe') in 0.012727 seconds 
========================================================================
Received Import Request.
  Time since last request: 11.312914 seconds.
  path: Assets/Prefabs/XR Origin.prefab
  artifactKey: Guid(5efb48b388b24c44bb96b51af454ccb0) Importer(815301076,1909f56bfc062723c751e8b465ee728b)
Start importing Assets/Prefabs/XR Origin.prefab using Guid(5efb48b388b24c44bb96b51af454ccb0) Importer(815301076,1909f56bfc062723c751e8b465ee728b)  -> (artifact id: '3e4e58056b9121e7174a44cbe3aef478') in 0.013934 seconds 
========================================================================
Received Import Request.
  Time since last request: 2.065077 seconds.
  path: Assets/Prefabs/XR Origin.prefab
  artifactKey: Guid(5efb48b388b24c44bb96b51af454ccb0) Importer(815301076,1909f56bfc062723c751e8b465ee728b)
Start importing Assets/Prefabs/XR Origin.prefab using Guid(5efb48b388b24c44bb96b51af454ccb0) Importer(815301076,1909f56bfc062723c751e8b465ee728b)  -> (artifact id: '359d53ed5656cca376118f4445beed28') in 0.013618 seconds 
========================================================================
Received Import Request.
  Time since last request: 2.955170 seconds.
  path: Assets/Prefabs/XR Origin.prefab
  artifactKey: Guid(5efb48b388b24c44bb96b51af454ccb0) Importer(815301076,1909f56bfc062723c751e8b465ee728b)
Start importing Assets/Prefabs/XR Origin.prefab using Guid(5efb48b388b24c44bb96b51af454ccb0) Importer(815301076,1909f56bfc062723c751e8b465ee728b)  -> (artifact id: '2b98a6f4be6b5015f1b46fbd7d049bf8') in 0.013816 seconds 
========================================================================
Received Import Request.
  Time since last request: 2.644870 seconds.
  path: Assets/Prefabs/XR Origin.prefab
  artifactKey: Guid(5efb48b388b24c44bb96b51af454ccb0) Importer(815301076,1909f56bfc062723c751e8b465ee728b)
Start importing Assets/Prefabs/XR Origin.prefab using Guid(5efb48b388b24c44bb96b51af454ccb0) Importer(815301076,1909f56bfc062723c751e8b465ee728b)  -> (artifact id: 'e57da0b7b1d18a0d9281e498cd76ff1f') in 0.013284 seconds 
========================================================================
Received Import Request.
  Time since last request: 3.048942 seconds.
  path: Assets/Prefabs/XR Origin.prefab
  artifactKey: Guid(5efb48b388b24c44bb96b51af454ccb0) Importer(815301076,1909f56bfc062723c751e8b465ee728b)
Start importing Assets/Prefabs/XR Origin.prefab using Guid(5efb48b388b24c44bb96b51af454ccb0) Importer(815301076,1909f56bfc062723c751e8b465ee728b)  -> (artifact id: '7c0a8551996fc62b00d2f0d3debb624e') in 0.013616 seconds 
========================================================================
Received Import Request.
  Time since last request: 2.299210 seconds.
  path: Assets/Prefabs/XR Origin.prefab
  artifactKey: Guid(5efb48b388b24c44bb96b51af454ccb0) Importer(815301076,1909f56bfc062723c751e8b465ee728b)
Start importing Assets/Prefabs/XR Origin.prefab using Guid(5efb48b388b24c44bb96b51af454ccb0) Importer(815301076,1909f56bfc062723c751e8b465ee728b)  -> (artifact id: '67402ffeab7243158b7fd27ac135c46d') in 0.013323 seconds 
========================================================================
Received Prepare
Registering precompiled user dll's ...
Registered in 0.010635 seconds.
Begin MonoManager ReloadAssembly
Symbol file LoadedFromMemory doesn't match image C:\Users\p013206k\Documents\GitHub\VRAssignment\Library\PackageCache\com.unity.visualscripting@1.7.8\Editor\VisualScripting.Core\Dependencies\YamlDotNet\Unity.VisualScripting.YamlDotNet.dll
Symbol file LoadedFromMemory doesn't match image C:\Users\p013206k\Documents\GitHub\VRAssignment\Library\PackageCache\com.unity.visualscripting@1.7.8\Editor\VisualScripting.Core\Dependencies\DotNetZip\Unity.VisualScripting.IonicZip.dll
Native extension for WindowsStandalone target not found
Native extension for Android target not found
Native extension for WebGL target not found
Refreshing native plugins compatible for Editor in 0.75 ms, found 8 plugins.
Preloading 0 native plugins for Editor in 0.00 ms.
[Package Manager] Server::EnsureServerProcessIsRunning -- launch failed, reason: Unity was launched with the -noUpm command-line argument
[Package Manager] UpmClient::Send -- Unable to send message (not connected to UPM process).
[Package Manager] Cannot connect to Unity Package Manager local server
Mono: successfully reloaded assembly
[Package Manager] Server::EnsureServerProcessIsRunning -- launch failed, reason: Unity was launched with the -noUpm command-line argument
[Package Manager] UpmClient::Send -- Unable to send message (not connected to UPM process).
[Package Manager] Cannot connect to Unity Package Manager local server
- Completed reload, in  1.207 seconds
Domain Reload Profiling:
	ReloadAssembly (1208ms)
		BeginReloadAssembly (154ms)
			ExecutionOrderSort (0ms)
			DisableScriptedObjects (5ms)
			BackupInstance (0ms)
			ReleaseScriptingObjects (0ms)
			CreateAndSetChildDomain (50ms)
		EndReloadAssembly (941ms)
			LoadAssemblies (100ms)
			RebuildTransferFunctionScriptingTraits (0ms)
			SetupTypeCache (304ms)
				TypeCache.Initialize (298ms)
					TypeCache.ScanAssembly (293ms)
				ResolveRequiredComponents (5ms)
			ReleaseScriptCaches (1ms)
			RebuildScriptCaches (43ms)
			SetupLoadedEditorAssemblies (437ms)
				LogAssemblyErrors (0ms)
				InitializePlatformSupportModulesInManaged (24ms)
				SetLoadedEditorAssemblies (6ms)
				RefreshPlugins (1ms)
				BeforeProcessingInitializeOnLoad (82ms)
				ProcessInitializeOnLoadAttributes (282ms)
				ProcessInitializeOnLoadMethodAttributes (34ms)
				AfterProcessingInitializeOnLoad (8ms)
				EditorAssembliesLoaded (0ms)
			ExecutionOrderSort2 (0ms)
			AwakeInstancesAfterBackupRestoration (6ms)
Platform modules already initialized, skipping
Refreshing native plugins compatible for Editor in 4.98 ms, found 8 plugins.
Preloading 0 native plugins for Editor in 0.00 ms.
Unloading 4194 Unused Serialized files (Serialized files now loaded: 0)
Unloading 36 unused Assets / (24.7 KB). Loaded Objects now: 4700.
Memory consumption went from 0.63 GB to 0.63 GB.
Total: 3.277000 ms (FindLiveObjects: 0.305900 ms CreateObjectMapping: 0.296700 ms MarkObjects: 2.653300 ms  DeleteObjects: 0.020200 ms)

AssetImportParameters requested are different than current active one (requested -> active):
  custom:video-decoder-ogg-theora: a1e56fd34408186e4bbccfd4996cb3dc -> 
  custom:container-muxer-webm: aa71ff27fc2769a1b78a27578f13a17b -> 
  custom:container-demuxer-webm: 4f35f7cbe854078d1ac9338744f61a02 -> 
  custom:video-encoder-webm-vp8: eb34c28f22e8b96e1ab97ce403110664 -> 
  custom:audio-encoder-webm-vorbis: bf7c407c2cedff20999df2af8eb42d56 -> 
  custom:framework-win-MediaFoundation: 216162199b28c13a410421893ffa2e32 -> 
  custom:container-demuxer-ogg: 62fdf1f143b41e24485cea50d1cbac27 -> 
  custom:video-decoder-webm-vp8: 9c59270c3fd7afecdb556c50c9e8de78 -> 
  custom:audio-decoder-ogg-vorbis: bf7c407c2cedff20999df2af8eb42d56 -> 
========================================================================
Received Import Request.
  Time since last request: 102.492988 seconds.
  path: Assets/Prefabs/XR Origin.prefab
  artifactKey: Guid(5efb48b388b24c44bb96b51af454ccb0) Importer(815301076,1909f56bfc062723c751e8b465ee728b)
Start importing Assets/Prefabs/XR Origin.prefab using Guid(5efb48b388b24c44bb96b51af454ccb0) Importer(815301076,1909f56bfc062723c751e8b465ee728b)  -> (artifact id: 'afb65fe7965eb3712251875fee3e769c') in 0.085621 seconds 
========================================================================
Received Import Request.
  Time since last request: 7.490843 seconds.
  path: Assets/Prefabs/XR Origin.prefab
  artifactKey: Guid(5efb48b388b24c44bb96b51af454ccb0) Importer(815301076,1909f56bfc062723c751e8b465ee728b)
Start importing Assets/Prefabs/XR Origin.prefab using Guid(5efb48b388b24c44bb96b51af454ccb0) Importer(815301076,1909f56bfc062723c751e8b465ee728b)  -> (artifact id: '1b2139d67c3bf6c1f80007c07ff08099') in 0.014231 seconds 
========================================================================
Received Import Request.
  Time since last request: 24.447250 seconds.
  path: Assets/Prefabs/XR Origin.prefab
  artifactKey: Guid(5efb48b388b24c44bb96b51af454ccb0) Importer(815301076,1909f56bfc062723c751e8b465ee728b)
Start importing Assets/Prefabs/XR Origin.prefab using Guid(5efb48b388b24c44bb96b51af454ccb0) Importer(815301076,1909f56bfc062723c751e8b465ee728b)  -> (artifact id: '23297af4665ebf2867fb076e5d90f122') in 0.014484 seconds 
========================================================================
Received Import Request.
  Time since last request: 3.265849 seconds.
  path: Assets/Prefabs/XR Origin.prefab
  artifactKey: Guid(5efb48b388b24c44bb96b51af454ccb0) Importer(815301076,1909f56bfc062723c751e8b465ee728b)
Start importing Assets/Prefabs/XR Origin.prefab using Guid(5efb48b388b24c44bb96b51af454ccb0) Importer(815301076,1909f56bfc062723c751e8b465ee728b)  -> (artifact id: 'cbb58738ec51e04a561e2dfebd946489') in 0.015059 seconds 
========================================================================
Received Import Request.
  Time since last request: 10.248395 seconds.
  path: Assets/Prefabs/XR Origin.prefab
  artifactKey: Guid(5efb48b388b24c44bb96b51af454ccb0) Importer(815301076,1909f56bfc062723c751e8b465ee728b)
Start importing Assets/Prefabs/XR Origin.prefab using Guid(5efb48b388b24c44bb96b51af454ccb0) Importer(815301076,1909f56bfc062723c751e8b465ee728b)  -> (artifact id: 'f4932d0eb01cb245a31a9be2356e44ad') in 0.014510 seconds 
========================================================================
Received Import Request.
  Time since last request: 2.035560 seconds.
  path: Assets/Prefabs/XR Origin.prefab
  artifactKey: Guid(5efb48b388b24c44bb96b51af454ccb0) Importer(815301076,1909f56bfc062723c751e8b465ee728b)
Start importing Assets/Prefabs/XR Origin.prefab using Guid(5efb48b388b24c44bb96b51af454ccb0) Importer(815301076,1909f56bfc062723c751e8b465ee728b)  -> (artifact id: '1138df99a07fb2eb1f1617f79de806e9') in 0.013733 seconds 
========================================================================
Received Import Request.
  Time since last request: 1.412438 seconds.
  path: Assets/Prefabs/XR Origin.prefab
  artifactKey: Guid(5efb48b388b24c44bb96b51af454ccb0) Importer(815301076,1909f56bfc062723c751e8b465ee728b)
Start importing Assets/Prefabs/XR Origin.prefab using Guid(5efb48b388b24c44bb96b51af454ccb0) Importer(815301076,1909f56bfc062723c751e8b465ee728b)  -> (artifact id: 'fa3a9c5da8f912b8d5575b86b28c042e') in 0.015113 seconds 
========================================================================
Received Import Request.
  Time since last request: 1.597870 seconds.
  path: Assets/Prefabs/XR Origin.prefab
  artifactKey: Guid(5efb48b388b24c44bb96b51af454ccb0) Importer(815301076,1909f56bfc062723c751e8b465ee728b)
Start importing Assets/Prefabs/XR Origin.prefab using Guid(5efb48b388b24c44bb96b51af454ccb0) Importer(815301076,1909f56bfc062723c751e8b465ee728b)  -> (artifact id: '8c1e8933bc5bbe8308f257d3b5de8b8d') in 0.012710 seconds 
========================================================================
Received Import Request.
  Time since last request: 83.060035 seconds.
  path: Assets/Prefabs/XR Origin.prefab
  artifactKey: Guid(5efb48b388b24c44bb96b51af454ccb0) Importer(815301076,1909f56bfc062723c751e8b465ee728b)
Start importing Assets/Prefabs/XR Origin.prefab using Guid(5efb48b388b24c44bb96b51af454ccb0) Importer(815301076,1909f56bfc062723c751e8b465ee728b)  -> (artifact id: '1e2d54110d2ec69e93d6e16167aa07fb') in 0.015250 seconds 
========================================================================
Received Import Request.
  Time since last request: 2.979931 seconds.
  path: Assets/Prefabs/XR Origin.prefab
  artifactKey: Guid(5efb48b388b24c44bb96b51af454ccb0) Importer(815301076,1909f56bfc062723c751e8b465ee728b)
Start importing Assets/Prefabs/XR Origin.prefab using Guid(5efb48b388b24c44bb96b51af454ccb0) Importer(815301076,1909f56bfc062723c751e8b465ee728b)  -> (artifact id: '478c2ce377148498887aa8ef44f013d9') in 0.014620 seconds 
========================================================================
Received Prepare
Registering precompiled user dll's ...
Registered in 0.010612 seconds.
Begin MonoManager ReloadAssembly
Symbol file LoadedFromMemory doesn't match image C:\Users\p013206k\Documents\GitHub\VRAssignment\Library\PackageCache\com.unity.visualscripting@1.7.8\Editor\VisualScripting.Core\Dependencies\YamlDotNet\Unity.VisualScripting.YamlDotNet.dll
Symbol file LoadedFromMemory doesn't match image C:\Users\p013206k\Documents\GitHub\VRAssignment\Library\PackageCache\com.unity.visualscripting@1.7.8\Editor\VisualScripting.Core\Dependencies\DotNetZip\Unity.VisualScripting.IonicZip.dll
Native extension for WindowsStandalone target not found
Native extension for Android target not found
Native extension for WebGL target not found
Refreshing native plugins compatible for Editor in 0.79 ms, found 8 plugins.
Preloading 0 native plugins for Editor in 0.00 ms.
[Package Manager] Server::EnsureServerProcessIsRunning -- launch failed, reason: Unity was launched with the -noUpm command-line argument
[Package Manager] UpmClient::Send -- Unable to send message (not connected to UPM process).
[Package Manager] Cannot connect to Unity Package Manager local server
Mono: successfully reloaded assembly
[Package Manager] Server::EnsureServerProcessIsRunning -- launch failed, reason: Unity was launched with the -noUpm command-line argument
[Package Manager] UpmClient::Send -- Unable to send message (not connected to UPM process).
[Package Manager] Cannot connect to Unity Package Manager local server
- Completed reload, in  1.206 seconds
Domain Reload Profiling:
	ReloadAssembly (1206ms)
		BeginReloadAssembly (155ms)
			ExecutionOrderSort (0ms)
			DisableScriptedObjects (6ms)
			BackupInstance (0ms)
			ReleaseScriptingObjects (0ms)
			CreateAndSetChildDomain (40ms)
		EndReloadAssembly (942ms)
			LoadAssemblies (102ms)
			RebuildTransferFunctionScriptingTraits (0ms)
			SetupTypeCache (306ms)
				TypeCache.Initialize (301ms)
					TypeCache.ScanAssembly (296ms)
				ResolveRequiredComponents (5ms)
			ReleaseScriptCaches (1ms)
			RebuildScriptCaches (41ms)
			SetupLoadedEditorAssemblies (438ms)
				LogAssemblyErrors (0ms)
				InitializePlatformSupportModulesInManaged (26ms)
				SetLoadedEditorAssemblies (7ms)
				RefreshPlugins (1ms)
				BeforeProcessingInitializeOnLoad (75ms)
				ProcessInitializeOnLoadAttributes (286ms)
				ProcessInitializeOnLoadMethodAttributes (33ms)
				AfterProcessingInitializeOnLoad (9ms)
				EditorAssembliesLoaded (0ms)
			ExecutionOrderSort2 (0ms)
			AwakeInstancesAfterBackupRestoration (6ms)
Platform modules already initialized, skipping
Refreshing native plugins compatible for Editor in 5.16 ms, found 8 plugins.
Preloading 0 native plugins for Editor in 0.00 ms.
Unloading 4194 Unused Serialized files (Serialized files now loaded: 0)
Unloading 36 unused Assets / (24.8 KB). Loaded Objects now: 4704.
Memory consumption went from 0.63 GB to 0.63 GB.
Total: 3.610400 ms (FindLiveObjects: 0.370300 ms CreateObjectMapping: 0.399300 ms MarkObjects: 2.790700 ms  DeleteObjects: 0.048700 ms)

AssetImportParameters requested are different than current active one (requested -> active):
  custom:video-decoder-ogg-theora: a1e56fd34408186e4bbccfd4996cb3dc -> 
  custom:container-muxer-webm: aa71ff27fc2769a1b78a27578f13a17b -> 
  custom:container-demuxer-webm: 4f35f7cbe854078d1ac9338744f61a02 -> 
  custom:video-encoder-webm-vp8: eb34c28f22e8b96e1ab97ce403110664 -> 
  custom:audio-encoder-webm-vorbis: bf7c407c2cedff20999df2af8eb42d56 -> 
  custom:framework-win-MediaFoundation: 216162199b28c13a410421893ffa2e32 -> 
  custom:container-demuxer-ogg: 62fdf1f143b41e24485cea50d1cbac27 -> 
  custom:video-decoder-webm-vp8: 9c59270c3fd7afecdb556c50c9e8de78 -> 
  custom:audio-decoder-ogg-vorbis: bf7c407c2cedff20999df2af8eb42d56 -> 
