Using pre-set license
Built from '2022.1/staging' branch; Version is '2022.1.4f1 (76dd1f94b339) revision 7789855'; Using compiler version '192829333'; Build Type 'Release'
OS: 'Windows 10  (10.0.19045) 64bit Enterprise' Language: 'en' Physical Memory: 32547 MB
BatchMode: 1, IsHumanControllingUs: 0, StartBugReporterOnCrash: 0, Is64bit: 1, IsPro: 1

COMMAND LINE ARGUMENTS:
C:\Program Files\Unity\Hub\Editor\2022.1.4f1\Editor\Unity.exe
-adb2
-batchMode
-noUpm
-name
AssetImportWorker2
-projectPath
C:/Users/p013206k/Documents/GitHub/VRAssignment
-logFile
Logs/AssetImportWorker2.log
-srvPort
53587
Successfully changed project path to: C:/Users/p013206k/Documents/GitHub/VRAssignment
C:/Users/p013206k/Documents/GitHub/VRAssignment
[UnityMemory] Configuration Parameters - Can be set up in boot.config
    "memorysetup-bucket-allocator-granularity=16"
    "memorysetup-bucket-allocator-bucket-count=8"
    "memorysetup-bucket-allocator-block-size=33554432"
    "memorysetup-bucket-allocator-block-count=8"
    "memorysetup-main-allocator-block-size=16777216"
    "memorysetup-thread-allocator-block-size=16777216"
    "memorysetup-gfx-main-allocator-block-size=16777216"
    "memorysetup-gfx-thread-allocator-block-size=16777216"
    "memorysetup-cache-allocator-block-size=4194304"
    "memorysetup-typetree-allocator-block-size=2097152"
    "memorysetup-profiler-bucket-allocator-granularity=16"
    "memorysetup-profiler-bucket-allocator-bucket-count=8"
    "memorysetup-profiler-bucket-allocator-block-size=33554432"
    "memorysetup-profiler-bucket-allocator-block-count=8"
    "memorysetup-profiler-allocator-block-size=16777216"
    "memorysetup-profiler-editor-allocator-block-size=1048576"
    "memorysetup-temp-allocator-size-main=16777216"
    "memorysetup-job-temp-allocator-block-size=2097152"
    "memorysetup-job-temp-allocator-block-size-background=1048576"
    "memorysetup-job-temp-allocator-reduction-small-platforms=262144"
    "memorysetup-temp-allocator-size-background-worker=32768"
    "memorysetup-temp-allocator-size-job-worker=262144"
    "memorysetup-temp-allocator-size-preload-manager=33554432"
    "memorysetup-temp-allocator-size-nav-mesh-worker=65536"
    "memorysetup-temp-allocator-size-audio-worker=65536"
    "memorysetup-temp-allocator-size-cloud-worker=32768"
    "memorysetup-temp-allocator-size-gi-baking-worker=262144"
    "memorysetup-temp-allocator-size-gfx=262144"
Refreshing native plugins compatible for Editor in 117.61 ms, found 11 plugins.
Preloading 1 native plugins for Editor in 1.06 ms.
Initialize engine version: 2022.1.4f1 (76dd1f94b339)
[Subsystems] Discovering subsystems at path C:/Program Files/Unity/Hub/Editor/2022.1.4f1/Editor/Data/Resources/UnitySubsystems
[Subsystems] Discovering subsystems at path C:/Users/p013206k/Documents/GitHub/VRAssignment/Assets
GfxDevice: creating device client; threaded=0; jobified=0
Direct3D:
    Version:  Direct3D 11.0 [level 11.1]
    Renderer: NVIDIA GeForce GTX 1080 (ID=0x1b80)
    Vendor:   NVIDIA
    VRAM:     8072 MB
    Driver:   31.0.15.2802
Initialize mono
Mono path[0] = 'C:/Program Files/Unity/Hub/Editor/2022.1.4f1/Editor/Data/Managed'
Mono path[1] = 'C:/Program Files/Unity/Hub/Editor/2022.1.4f1/Editor/Data/MonoBleedingEdge/lib/mono/unityjit-win32'
Mono config path = 'C:/Program Files/Unity/Hub/Editor/2022.1.4f1/Editor/Data/MonoBleedingEdge/etc'
Using monoOptions --debugger-agent=transport=dt_socket,embedding=1,server=y,suspend=n,address=127.0.0.1:56632
Begin MonoManager ReloadAssembly
Registering precompiled unity dll's ...
Register platform support module: C:/Program Files/Unity/Hub/Editor/2022.1.4f1/Editor/Data/PlaybackEngines/WebGLSupport/UnityEditor.WebGL.Extensions.dll
Register platform support module: C:/Program Files/Unity/Hub/Editor/2022.1.4f1/Editor/Data/PlaybackEngines/AndroidPlayer/UnityEditor.Android.Extensions.dll
Register platform support module: C:/Program Files/Unity/Hub/Editor/2022.1.4f1/Editor/Data/PlaybackEngines/WindowsStandaloneSupport/UnityEditor.WindowsStandalone.Extensions.dll
Registered in 0.009750 seconds.
Native extension for WindowsStandalone target not found
Native extension for Android target not found
Native extension for WebGL target not found
Refreshing native plugins compatible for Editor in 78.89 ms, found 11 plugins.
Preloading 1 native plugins for Editor in 0.23 ms.
Mono: successfully reloaded assembly
- Completed reload, in  0.669 seconds
Domain Reload Profiling:
	ReloadAssembly (670ms)
		BeginReloadAssembly (76ms)
			ExecutionOrderSort (0ms)
			DisableScriptedObjects (0ms)
			BackupInstance (0ms)
			ReleaseScriptingObjects (0ms)
			CreateAndSetChildDomain (1ms)
		EndReloadAssembly (480ms)
			LoadAssemblies (75ms)
			RebuildTransferFunctionScriptingTraits (0ms)
			SetupTypeCache (111ms)
				TypeCache.Initialize (110ms)
					TypeCache.ScanAssembly (109ms)
				ResolveRequiredComponents (0ms)
			ReleaseScriptCaches (0ms)
			RebuildScriptCaches (28ms)
			SetupLoadedEditorAssemblies (288ms)
				LogAssemblyErrors (0ms)
				InitializePlatformSupportModulesInManaged (53ms)
				SetLoadedEditorAssemblies (11ms)
				RefreshPlugins (79ms)
				BeforeProcessingInitializeOnLoad (1ms)
				ProcessInitializeOnLoadAttributes (103ms)
				ProcessInitializeOnLoadMethodAttributes (40ms)
				AfterProcessingInitializeOnLoad (0ms)
				EditorAssembliesLoaded (0ms)
			ExecutionOrderSort2 (0ms)
			AwakeInstancesAfterBackupRestoration (0ms)
Platform modules already initialized, skipping
Registering precompiled user dll's ...
Registered in 0.010735 seconds.
Begin MonoManager ReloadAssembly
Symbol file LoadedFromMemory doesn't match image C:\Users\p013206k\Documents\GitHub\VRAssignment\Library\PackageCache\com.unity.visualscripting@1.7.8\Editor\VisualScripting.Core\Dependencies\DotNetZip\Unity.VisualScripting.IonicZip.dll
Symbol file LoadedFromMemory doesn't match image C:\Users\p013206k\Documents\GitHub\VRAssignment\Library\PackageCache\com.unity.visualscripting@1.7.8\Editor\VisualScripting.Core\Dependencies\YamlDotNet\Unity.VisualScripting.YamlDotNet.dll
Native extension for WindowsStandalone target not found
Native extension for Android target not found
Native extension for WebGL target not found
Refreshing native plugins compatible for Editor in 79.11 ms, found 11 plugins.
Preloading 1 native plugins for Editor in 0.07 ms.
Package Manager log level set to [2]
[Package Manager] Server::EnsureServerProcessIsRunning -- launch failed, reason: Unity was launched with the -noUpm command-line argument
[Package Manager] UpmClient::Send -- Unable to send message (not connected to UPM process).
[Package Manager] Cannot connect to Unity Package Manager local server
System.Reflection.TargetInvocationException: Exception has been thrown by the target of an invocation. ---> System.NullReferenceException: Object reference not set to an instance of an object
  at Unity.XR.Oculus.OculusLoader.AssetPathToAbsolutePath (System.String assetPath) [0x0003d] in C:\Users\p013206k\Documents\GitHub\VRAssignment\Library\PackageCache\com.unity.xr.oculus@3.0.2\Runtime\OculusLoader.cs:271 
  at Unity.XR.Oculus.OculusLoader.EditorLoadOVRPlugin () [0x0007b] in C:\Users\p013206k\Documents\GitHub\VRAssignment\Library\PackageCache\com.unity.xr.oculus@3.0.2\Runtime\OculusLoader.cs:256 
  at (wrapper managed-to-native) System.Reflection.RuntimeMethodInfo.InternalInvoke(System.Reflection.RuntimeMethodInfo,object,object[],System.Exception&)
  at System.Reflection.RuntimeMethodInfo.Invoke (System.Object obj, System.Reflection.BindingFlags invokeAttr, System.Reflection.Binder binder, System.Object[] parameters, System.Globalization.CultureInfo culture) [0x0006a] in <890d6fe26e8c408ea64b353e791fafce>:0 
   --- End of inner exception stack trace ---
  at System.Reflection.RuntimeMethodInfo.Invoke (System.Object obj, System.Reflection.BindingFlags invokeAttr, System.Reflection.Binder binder, System.Object[] parameters, System.Globalization.CultureInfo culture) [0x00083] in <890d6fe26e8c408ea64b353e791fafce>:0 
  at System.Reflection.MethodBase.Invoke (System.Object obj, System.Object[] parameters) [0x00000] in <890d6fe26e8c408ea64b353e791fafce>:0 
  at UnityEditor.EditorAssemblies.ProcessInitializeOnLoadMethodAttributes () [0x000a5] in <ee6fd03ff96245f993c3cba83ed9657b>:0 
UnityEngine.StackTraceUtility:ExtractStackTrace ()
UnityEngine.DebugLogHandler:LogFormat (UnityEngine.LogType,UnityEngine.Object,string,object[])
UnityEngine.Logger:Log (UnityEngine.LogType,object)
UnityEngine.Debug:LogError (object)
UnityEditor.EditorAssemblies:ProcessInitializeOnLoadMethodAttributes ()

Mono: successfully reloaded assembly
[Package Manager] Server::EnsureServerProcessIsRunning -- launch failed, reason: Unity was launched with the -noUpm command-line argument
[Package Manager] UpmClient::Send -- Unable to send message (not connected to UPM process).
[Package Manager] Cannot connect to Unity Package Manager local server
[Package Manager] Server::EnsureServerProcessIsRunning -- launch failed, reason: Unity was launched with the -noUpm command-line argument
[Package Manager] UpmClient::Send -- Unable to send message (not connected to UPM process).
[Package Manager] Cannot connect to Unity Package Manager local server
- Completed reload, in  1.321 seconds
Domain Reload Profiling:
	ReloadAssembly (1322ms)
		BeginReloadAssembly (214ms)
			ExecutionOrderSort (0ms)
			DisableScriptedObjects (5ms)
			BackupInstance (0ms)
			ReleaseScriptingObjects (0ms)
			CreateAndSetChildDomain (123ms)
		EndReloadAssembly (994ms)
			LoadAssemblies (88ms)
			RebuildTransferFunctionScriptingTraits (0ms)
			SetupTypeCache (279ms)
				TypeCache.Initialize (273ms)
					TypeCache.ScanAssembly (270ms)
				ResolveRequiredComponents (6ms)
			ReleaseScriptCaches (1ms)
			RebuildScriptCaches (56ms)
			SetupLoadedEditorAssemblies (515ms)
				LogAssemblyErrors (0ms)
				InitializePlatformSupportModulesInManaged (14ms)
				SetLoadedEditorAssemblies (6ms)
				RefreshPlugins (79ms)
				BeforeProcessingInitializeOnLoad (100ms)
				ProcessInitializeOnLoadAttributes (274ms)
				ProcessInitializeOnLoadMethodAttributes (32ms)
				AfterProcessingInitializeOnLoad (8ms)
				EditorAssembliesLoaded (0ms)
			ExecutionOrderSort2 (0ms)
			AwakeInstancesAfterBackupRestoration (5ms)
Platform modules already initialized, skipping
========================================================================
Worker process is ready to serve import requests
Launched and connected shader compiler UnityShaderCompiler.exe after 0.04 seconds
Refreshing native plugins compatible for Editor in 0.85 ms, found 11 plugins.
Preloading 1 native plugins for Editor in 0.09 ms.
Unloading 4267 Unused Serialized files (Serialized files now loaded: 0)
Unloading 48 unused Assets / (58.5 KB). Loaded Objects now: 4713.
Memory consumption went from 0.64 GB to 0.64 GB.
Total: 4.197100 ms (FindLiveObjects: 0.610600 ms CreateObjectMapping: 0.386900 ms MarkObjects: 3.113200 ms  DeleteObjects: 0.085500 ms)

AssetImportParameters requested are different than current active one (requested -> active):
  custom:video-decoder-ogg-theora: a1e56fd34408186e4bbccfd4996cb3dc -> 
  custom:container-muxer-webm: aa71ff27fc2769a1b78a27578f13a17b -> 
  custom:container-demuxer-webm: 4f35f7cbe854078d1ac9338744f61a02 -> 
  custom:video-encoder-webm-vp8: eb34c28f22e8b96e1ab97ce403110664 -> 
  custom:audio-encoder-webm-vorbis: bf7c407c2cedff20999df2af8eb42d56 -> 
  custom:framework-win-MediaFoundation: 216162199b28c13a410421893ffa2e32 -> 
  custom:container-demuxer-ogg: 62fdf1f143b41e24485cea50d1cbac27 -> 
  custom:video-decoder-webm-vp8: 9c59270c3fd7afecdb556c50c9e8de78 -> 
  custom:audio-decoder-ogg-vorbis: bf7c407c2cedff20999df2af8eb42d56 -> 
========================================================================
Received Import Request.
  Time since last request: 40384.249587 seconds.
  path: Assets/Materials/DoorHandle.mat
  artifactKey: Guid(dfb1f7cd61eb5ea438764092620ba5df) Importer(815301076,1909f56bfc062723c751e8b465ee728b)
Start importing Assets/Materials/DoorHandle.mat using Guid(dfb1f7cd61eb5ea438764092620ba5df) Importer(815301076,1909f56bfc062723c751e8b465ee728b)  -> (artifact id: '9942fe9b49c6f455892090b7e9f84e47') in 0.117389 seconds 
========================================================================
Received Import Request.
  Time since last request: 1281.757421 seconds.
  path: Assets/ImportedAssets/StudioBillion
  artifactKey: Guid(c5a2d162937f7c74bb5b1a3f99262773) Importer(815301076,1909f56bfc062723c751e8b465ee728b)
Start importing Assets/ImportedAssets/StudioBillion using Guid(c5a2d162937f7c74bb5b1a3f99262773) Importer(815301076,1909f56bfc062723c751e8b465ee728b)  -> (artifact id: '452913595953439c2255b25c4ff3c04b') in 0.006734 seconds 
========================================================================
Received Import Request.
  Time since last request: 0.771155 seconds.
  path: Assets/ImportedAssets/StudioBillion/House Interior
  artifactKey: Guid(6438b0e9b820cf84a9ecf873f382f323) Importer(815301076,1909f56bfc062723c751e8b465ee728b)
Start importing Assets/ImportedAssets/StudioBillion/House Interior using Guid(6438b0e9b820cf84a9ecf873f382f323) Importer(815301076,1909f56bfc062723c751e8b465ee728b)  -> (artifact id: '95c52c9d6e9fd03a992fbf157ebd3ac9') in 0.007239 seconds 
========================================================================
Received Import Request.
  Time since last request: 1.161846 seconds.
  path: Assets/ImportedAssets/StudioBillion/House Interior/Prefabs
  artifactKey: Guid(89d98e2a52392434481b515eee2b71d4) Importer(815301076,1909f56bfc062723c751e8b465ee728b)
Start importing Assets/ImportedAssets/StudioBillion/House Interior/Prefabs using Guid(89d98e2a52392434481b515eee2b71d4) Importer(815301076,1909f56bfc062723c751e8b465ee728b)  -> (artifact id: '8f81de000e144c3081f3605237e9302f') in 0.006734 seconds 
========================================================================
Received Import Request.
  Time since last request: 0.073577 seconds.
  path: Assets/ImportedAssets/StudioBillion/House Interior/Prefabs/Arcade.prefab
  artifactKey: Guid(5dc265e918ffd904bae64f120ae40df5) Importer(815301076,1909f56bfc062723c751e8b465ee728b)
Start importing Assets/ImportedAssets/StudioBillion/House Interior/Prefabs/Arcade.prefab using Guid(5dc265e918ffd904bae64f120ae40df5) Importer(815301076,1909f56bfc062723c751e8b465ee728b)  -> (artifact id: '7252641cddad6021a0ac9514547e882c') in 0.038330 seconds 
========================================================================
Received Import Request.
  Time since last request: 0.000026 seconds.
  path: Assets/ImportedAssets/StudioBillion/House Interior/Prefabs/Boxes.prefab
  artifactKey: Guid(567394f18115fcf47a3c73d9fc13bb21) Importer(815301076,1909f56bfc062723c751e8b465ee728b)
Start importing Assets/ImportedAssets/StudioBillion/House Interior/Prefabs/Boxes.prefab using Guid(567394f18115fcf47a3c73d9fc13bb21) Importer(815301076,1909f56bfc062723c751e8b465ee728b)  -> (artifact id: '90bfc039171e43d3ed1e3935f1482bfe') in 0.018144 seconds 
========================================================================
Received Import Request.
  Time since last request: 0.000019 seconds.
  path: Assets/ImportedAssets/StudioBillion/House Interior/Prefabs/House 2.prefab
  artifactKey: Guid(b3c01bafbe9c8fa4fbd4cd93e0eaad44) Importer(815301076,1909f56bfc062723c751e8b465ee728b)
Start importing Assets/ImportedAssets/StudioBillion/House Interior/Prefabs/House 2.prefab using Guid(b3c01bafbe9c8fa4fbd4cd93e0eaad44) Importer(815301076,1909f56bfc062723c751e8b465ee728b)  -> (artifact id: 'bc076dd4c33c01d9ff3f60a958480f24') in 0.025536 seconds 
========================================================================
Received Import Request.
  Time since last request: 0.000016 seconds.
  path: Assets/ImportedAssets/StudioBillion/House Interior/Prefabs/Chairs.prefab
  artifactKey: Guid(c2295b34083ed0c4b95a252933176bfd) Importer(815301076,1909f56bfc062723c751e8b465ee728b)
Start importing Assets/ImportedAssets/StudioBillion/House Interior/Prefabs/Chairs.prefab using Guid(c2295b34083ed0c4b95a252933176bfd) Importer(815301076,1909f56bfc062723c751e8b465ee728b)  -> (artifact id: '06496922402d296b61c6409e77d11499') in 0.014921 seconds 
========================================================================
Received Import Request.
  Time since last request: 0.000028 seconds.
  path: Assets/ImportedAssets/StudioBillion/House Interior/Prefabs/Glass.prefab
  artifactKey: Guid(f3638bc957e46844e835931a51ea4ccd) Importer(815301076,1909f56bfc062723c751e8b465ee728b)
Start importing Assets/ImportedAssets/StudioBillion/House Interior/Prefabs/Glass.prefab using Guid(f3638bc957e46844e835931a51ea4ccd) Importer(815301076,1909f56bfc062723c751e8b465ee728b)  -> (artifact id: 'abd7b5e3ead9e9e2c202821adbe124c6') in 0.014745 seconds 
========================================================================
Received Import Request.
  Time since last request: 0.000030 seconds.
  path: Assets/ImportedAssets/StudioBillion/House Interior/Prefabs/Sink.prefab
  artifactKey: Guid(2b53442aaa1f7eb4ba66dfaf7f38a0b4) Importer(815301076,1909f56bfc062723c751e8b465ee728b)
Start importing Assets/ImportedAssets/StudioBillion/House Interior/Prefabs/Sink.prefab using Guid(2b53442aaa1f7eb4ba66dfaf7f38a0b4) Importer(815301076,1909f56bfc062723c751e8b465ee728b)  -> (artifact id: '1e5bc5906eaff1cf7e921ff3a0601de1') in 0.016473 seconds 
========================================================================
Received Import Request.
  Time since last request: 0.000017 seconds.
  path: Assets/ImportedAssets/StudioBillion/House Interior/Prefabs/Basket.prefab
  artifactKey: Guid(520640125cd9288429b91901711781c5) Importer(815301076,1909f56bfc062723c751e8b465ee728b)
Start importing Assets/ImportedAssets/StudioBillion/House Interior/Prefabs/Basket.prefab using Guid(520640125cd9288429b91901711781c5) Importer(815301076,1909f56bfc062723c751e8b465ee728b)  -> (artifact id: '105d83f7847e74df6a004cbfe2f9ffd2') in 0.015972 seconds 
========================================================================
Received Import Request.
  Time since last request: 0.000017 seconds.
  path: Assets/ImportedAssets/StudioBillion/House Interior/Prefabs/Lamp.prefab
  artifactKey: Guid(86f89f9c2c1237c4c8daaddf88ad499d) Importer(815301076,1909f56bfc062723c751e8b465ee728b)
Start importing Assets/ImportedAssets/StudioBillion/House Interior/Prefabs/Lamp.prefab using Guid(86f89f9c2c1237c4c8daaddf88ad499d) Importer(815301076,1909f56bfc062723c751e8b465ee728b)  -> (artifact id: 'aebdd84be13991bbd6ca9cbf0829b0a8') in 0.017730 seconds 
========================================================================
Received Import Request.
  Time since last request: 0.000020 seconds.
  path: Assets/ImportedAssets/StudioBillion/House Interior/Prefabs/Mirror.prefab
  artifactKey: Guid(73f7eae3185b5514b8bbc03107939a9b) Importer(815301076,1909f56bfc062723c751e8b465ee728b)
Start importing Assets/ImportedAssets/StudioBillion/House Interior/Prefabs/Mirror.prefab using Guid(73f7eae3185b5514b8bbc03107939a9b) Importer(815301076,1909f56bfc062723c751e8b465ee728b)  -> (artifact id: 'fabdef8e4d8bc2627cbf30dcf78971ef') in 0.016745 seconds 
========================================================================
Received Import Request.
  Time since last request: 0.000024 seconds.
  path: Assets/ImportedAssets/StudioBillion/House Interior/Prefabs/Carpet1.prefab
  artifactKey: Guid(523873fc9002b974c8a0292076ec82af) Importer(815301076,1909f56bfc062723c751e8b465ee728b)
Start importing Assets/ImportedAssets/StudioBillion/House Interior/Prefabs/Carpet1.prefab using Guid(523873fc9002b974c8a0292076ec82af) Importer(815301076,1909f56bfc062723c751e8b465ee728b)  -> (artifact id: 'fa267b325f804e186891d1de2bb98200') in 0.017132 seconds 
========================================================================
Received Import Request.
  Time since last request: 0.000021 seconds.
  path: Assets/ImportedAssets/StudioBillion/House Interior/Prefabs/Pc Chair.prefab
  artifactKey: Guid(27b0bcb7fda86b3458767f6126a71381) Importer(815301076,1909f56bfc062723c751e8b465ee728b)
Start importing Assets/ImportedAssets/StudioBillion/House Interior/Prefabs/Pc Chair.prefab using Guid(27b0bcb7fda86b3458767f6126a71381) Importer(815301076,1909f56bfc062723c751e8b465ee728b)  -> (artifact id: '92fdd3319304c28deb0f410c1b207e1f') in 0.015801 seconds 
========================================================================
Received Import Request.
  Time since last request: 0.000063 seconds.
  path: Assets/ImportedAssets/StudioBillion/House Interior/Prefabs/Cooker.prefab
  artifactKey: Guid(7474ef2a457c13745bd61cd0af76274f) Importer(815301076,1909f56bfc062723c751e8b465ee728b)
Start importing Assets/ImportedAssets/StudioBillion/House Interior/Prefabs/Cooker.prefab using Guid(7474ef2a457c13745bd61cd0af76274f) Importer(815301076,1909f56bfc062723c751e8b465ee728b)  -> (artifact id: '9b10728091ed28143355a5fdd4674459') in 0.018046 seconds 
========================================================================
Received Import Request.
  Time since last request: 0.000023 seconds.
  path: Assets/ImportedAssets/StudioBillion/House Interior/Prefabs/Bed.prefab
  artifactKey: Guid(c78b068d06d936540835ce2788ae7bcd) Importer(815301076,1909f56bfc062723c751e8b465ee728b)
Start importing Assets/ImportedAssets/StudioBillion/House Interior/Prefabs/Bed.prefab using Guid(c78b068d06d936540835ce2788ae7bcd) Importer(815301076,1909f56bfc062723c751e8b465ee728b)  -> (artifact id: 'e524597830265eca892ec9397fe040f0') in 0.015316 seconds 
========================================================================
Received Import Request.
  Time since last request: 0.000015 seconds.
  path: Assets/ImportedAssets/StudioBillion/House Interior/Prefabs/Carpet2.prefab
  artifactKey: Guid(6d05b9c6f1a84414ca2b2a2d4851d8d7) Importer(815301076,1909f56bfc062723c751e8b465ee728b)
Start importing Assets/ImportedAssets/StudioBillion/House Interior/Prefabs/Carpet2.prefab using Guid(6d05b9c6f1a84414ca2b2a2d4851d8d7) Importer(815301076,1909f56bfc062723c751e8b465ee728b)  -> (artifact id: '11cc1e016d6eb3fd7770c1f51f7b3598') in 0.014206 seconds 
========================================================================
Received Import Request.
  Time since last request: 0.000030 seconds.
  path: Assets/ImportedAssets/StudioBillion/House Interior/Prefabs/Books.prefab
  artifactKey: Guid(23f96c6f17e0d5b4bacaf839fb197387) Importer(815301076,1909f56bfc062723c751e8b465ee728b)
Start importing Assets/ImportedAssets/StudioBillion/House Interior/Prefabs/Books.prefab using Guid(23f96c6f17e0d5b4bacaf839fb197387) Importer(815301076,1909f56bfc062723c751e8b465ee728b)  -> (artifact id: '021434d5adc66dca62b34a8d8ab8b07f') in 0.016498 seconds 
========================================================================
Received Import Request.
  Time since last request: 0.000025 seconds.
  path: Assets/ImportedAssets/StudioBillion/House Interior/Prefabs/Armchair2.prefab
  artifactKey: Guid(4735638ee3d69f94dad50fd611033d80) Importer(815301076,1909f56bfc062723c751e8b465ee728b)
Start importing Assets/ImportedAssets/StudioBillion/House Interior/Prefabs/Armchair2.prefab using Guid(4735638ee3d69f94dad50fd611033d80) Importer(815301076,1909f56bfc062723c751e8b465ee728b)  -> (artifact id: 'aff5057ab8e3bc46cb0a71fd83097a22') in 0.014580 seconds 
========================================================================
Received Import Request.
  Time since last request: 0.000024 seconds.
  path: Assets/ImportedAssets/StudioBillion/House Interior/Prefabs/Desk.prefab
  artifactKey: Guid(5e6682d1a65bf7846bde496ef3c96d45) Importer(815301076,1909f56bfc062723c751e8b465ee728b)
Start importing Assets/ImportedAssets/StudioBillion/House Interior/Prefabs/Desk.prefab using Guid(5e6682d1a65bf7846bde496ef3c96d45) Importer(815301076,1909f56bfc062723c751e8b465ee728b)  -> (artifact id: 'b4f5f91c2f957778ad12025f96d37f45') in 0.016032 seconds 
========================================================================
Received Import Request.
  Time since last request: 0.000024 seconds.
  path: Assets/ImportedAssets/StudioBillion/House Interior/Prefabs/Drum.prefab
  artifactKey: Guid(bc2e5c63db1c9bb428dbdcc8142205a0) Importer(815301076,1909f56bfc062723c751e8b465ee728b)
Start importing Assets/ImportedAssets/StudioBillion/House Interior/Prefabs/Drum.prefab using Guid(bc2e5c63db1c9bb428dbdcc8142205a0) Importer(815301076,1909f56bfc062723c751e8b465ee728b)  -> (artifact id: 'f8114016a225b5c1a7503be61f597ff5') in 0.024228 seconds 
========================================================================
Received Import Request.
  Time since last request: 0.000018 seconds.
  path: Assets/ImportedAssets/StudioBillion/House Interior/Prefabs/Painting.prefab
  artifactKey: Guid(9c16be079bb4ee343a5c695ee4a1a601) Importer(815301076,1909f56bfc062723c751e8b465ee728b)
Start importing Assets/ImportedAssets/StudioBillion/House Interior/Prefabs/Painting.prefab using Guid(9c16be079bb4ee343a5c695ee4a1a601) Importer(815301076,1909f56bfc062723c751e8b465ee728b)  -> (artifact id: '402a77917edbe798059e7d37969371e7') in 0.030894 seconds 
========================================================================
Received Import Request.
  Time since last request: 0.000026 seconds.
  path: Assets/ImportedAssets/StudioBillion/House Interior/Prefabs/Fridge.prefab
  artifactKey: Guid(49e948fe26356c64e9bccc46963c77da) Importer(815301076,1909f56bfc062723c751e8b465ee728b)
Start importing Assets/ImportedAssets/StudioBillion/House Interior/Prefabs/Fridge.prefab using Guid(49e948fe26356c64e9bccc46963c77da) Importer(815301076,1909f56bfc062723c751e8b465ee728b)  -> (artifact id: 'a9cb5cafc750611ce41bdde9dd825448') in 0.014514 seconds 
========================================================================
Received Import Request.
  Time since last request: 4.749539 seconds.
  path: Assets/ImportedAssets/StudioBillion/House Interior/Prefabs/Sofa.prefab
  artifactKey: Guid(7eb8f0ed299d70f429df582be35b81e5) Importer(815301076,1909f56bfc062723c751e8b465ee728b)
Start importing Assets/ImportedAssets/StudioBillion/House Interior/Prefabs/Sofa.prefab using Guid(7eb8f0ed299d70f429df582be35b81e5) Importer(815301076,1909f56bfc062723c751e8b465ee728b)  -> (artifact id: '574b067045ec76199f5ef76498bede78') in 0.016559 seconds 
========================================================================
Received Import Request.
  Time since last request: 0.000029 seconds.
  path: Assets/ImportedAssets/StudioBillion/House Interior/Prefabs/Wardrobe.prefab
  artifactKey: Guid(349bf11d0a3e402469f2825045862a54) Importer(815301076,1909f56bfc062723c751e8b465ee728b)
Start importing Assets/ImportedAssets/StudioBillion/House Interior/Prefabs/Wardrobe.prefab using Guid(349bf11d0a3e402469f2825045862a54) Importer(815301076,1909f56bfc062723c751e8b465ee728b)  -> (artifact id: 'ea2c06f22346874b14eaa47474db9015') in 0.014733 seconds 
========================================================================
Received Import Request.
  Time since last request: 0.000026 seconds.
  path: Assets/ImportedAssets/StudioBillion/House Interior/Prefabs/Washer.prefab
  artifactKey: Guid(f0d11665f5b6e4e4f9262a51b4b2cd2a) Importer(815301076,1909f56bfc062723c751e8b465ee728b)
Start importing Assets/ImportedAssets/StudioBillion/House Interior/Prefabs/Washer.prefab using Guid(f0d11665f5b6e4e4f9262a51b4b2cd2a) Importer(815301076,1909f56bfc062723c751e8b465ee728b)  -> (artifact id: 'f9c6789b1771a3d5caf1396c4db6bc8e') in 0.016972 seconds 
Editor requested this worker to shutdown with reason: Scaling down because of idle timeout
AssetImportWorker is now disconnected from the server
Process exiting
Exiting without the bug reporter. Application will terminate with return code 0